TN:
SF:src/App 2.js
FN:42,(anonymous_0)
FN:57,(anonymous_1)
FN:71,App
FNF:3
FNH:0
FNDA:0,(anonymous_0)
FNDA:0,(anonymous_1)
FNDA:0,App
DA:32,0
DA:42,0
DA:43,0
DA:45,0
DA:46,0
DA:49,0
DA:50,0
DA:53,0
DA:57,0
DA:58,0
DA:60,0
DA:61,0
DA:64,0
DA:65,0
DA:68,0
DA:72,0
LF:16
LH:0
BRDA:45,0,0,0
BRDA:45,0,1,0
BRDA:49,1,0,0
BRDA:49,1,1,0
BRDA:60,2,0,0
BRDA:60,2,1,0
BRDA:64,3,0,0
BRDA:64,3,1,0
BRF:8
BRH:0
end_of_record
TN:
SF:src/App.debug.js
FN:23,(anonymous_0)
FN:32,(anonymous_1)
FN:38,(anonymous_2)
FN:42,App
FNF:4
FNH:0
FNDA:0,(anonymous_0)
FNDA:0,(anonymous_1)
FNDA:0,(anonymous_2)
FNDA:0,App
DA:23,0
DA:24,0
DA:32,0
DA:34,0
DA:38,0
DA:39,0
DA:43,0
LF:7
LH:0
BRF:0
BRH:0
end_of_record
TN:
SF:src/App.js
FN:31,(anonymous_0)
FN:32,(anonymous_1)
FN:33,(anonymous_2)
FN:34,(anonymous_3)
FN:35,(anonymous_4)
FN:36,(anonymous_5)
FN:37,(anonymous_6)
FN:38,(anonymous_7)
FN:39,(anonymous_8)
FN:40,(anonymous_9)
FN:41,(anonymous_10)
FN:42,(anonymous_11)
FN:43,(anonymous_12)
FN:44,(anonymous_13)
FN:45,(anonymous_14)
FN:46,(anonymous_15)
FN:47,(anonymous_16)
FN:48,(anonymous_17)
FN:49,(anonymous_18)
FN:50,(anonymous_19)
FN:51,(anonymous_20)
FN:52,(anonymous_21)
FN:65,(anonymous_22)
FN:80,(anonymous_23)
FN:94,App
FN:95,(anonymous_25)
FN:114,(anonymous_26)
FN:116,(anonymous_27)
FN:124,(anonymous_28)
FN:143,(anonymous_29)
FNF:30
FNH:2
FNDA:0,(anonymous_0)
FNDA:0,(anonymous_1)
FNDA:0,(anonymous_2)
FNDA:0,(anonymous_3)
FNDA:0,(anonymous_4)
FNDA:0,(anonymous_5)
FNDA:0,(anonymous_6)
FNDA:0,(anonymous_7)
FNDA:0,(anonymous_8)
FNDA:0,(anonymous_9)
FNDA:0,(anonymous_10)
FNDA:0,(anonymous_11)
FNDA:0,(anonymous_12)
FNDA:0,(anonymous_13)
FNDA:0,(anonymous_14)
FNDA:0,(anonymous_15)
FNDA:0,(anonymous_16)
FNDA:0,(anonymous_17)
FNDA:0,(anonymous_18)
FNDA:0,(anonymous_19)
FNDA:0,(anonymous_20)
FNDA:0,(anonymous_21)
FNDA:0,(anonymous_22)
FNDA:0,(anonymous_23)
FNDA:103,App
FNDA:49,(anonymous_25)
FNDA:0,(anonymous_26)
FNDA:0,(anonymous_27)
FNDA:0,(anonymous_28)
FNDA:0,(anonymous_29)
DA:31,5
DA:32,5
DA:33,5
DA:34,5
DA:35,5
DA:36,5
DA:37,5
DA:38,5
DA:39,5
DA:40,5
DA:41,5
DA:42,5
DA:43,5
DA:44,5
DA:45,5
DA:46,5
DA:47,5
DA:48,5
DA:49,5
DA:50,5
DA:51,5
DA:52,5
DA:55,5
DA:65,5
DA:66,0
DA:68,0
DA:69,0
DA:72,0
DA:73,0
DA:76,0
DA:80,5
DA:81,0
DA:83,0
DA:84,0
DA:87,0
DA:88,0
DA:91,0
DA:95,103
DA:97,49
DA:100,0
DA:103,0
DA:106,0
DA:107,0
DA:108,0
DA:113,0
DA:114,0
DA:115,0
DA:116,0
DA:117,0
DA:123,0
DA:124,0
DA:125,0
DA:126,0
DA:127,0
DA:143,0
DA:145,0
DA:146,0
DA:150,98
LF:58
LH:28
BRDA:68,0,0,0
BRDA:68,0,1,0
BRDA:72,1,0,0
BRDA:72,1,1,0
BRDA:83,2,0,0
BRDA:83,2,1,0
BRDA:87,3,0,0
BRDA:87,3,1,0
BRDA:106,4,0,0
BRDA:106,4,1,0
BRDA:113,5,0,0
BRDA:113,5,1,0
BRDA:123,6,0,0
BRDA:123,6,1,0
BRF:14
BRH:0
end_of_record
TN:
SF:src/App.minimal.js
FN:3,App
FNF:1
FNH:0
FNDA:0,App
DA:4,0
LF:1
LH:0
BRF:0
BRH:0
end_of_record
TN:
SF:src/App.nuclear.js
FN:5,(anonymous_0)
FN:15,(anonymous_1)
FN:24,App
FNF:3
FNH:0
FNDA:0,(anonymous_0)
FNDA:0,(anonymous_1)
FNDA:0,App
DA:5,0
DA:6,0
DA:15,0
DA:16,0
DA:25,0
LF:5
LH:0
BRF:0
BRH:0
end_of_record
TN:
SF:src/App.ultra.js
FN:5,(anonymous_0)
FN:15,(anonymous_1)
FN:24,App
FNF:3
FNH:0
FNDA:0,(anonymous_0)
FNDA:0,(anonymous_1)
FNDA:0,App
DA:5,0
DA:6,0
DA:15,0
DA:16,0
DA:25,0
LF:5
LH:0
BRF:0
BRH:0
end_of_record
TN:
SF:src/i18n.js
FNF:0
FNH:0
DA:6,5
DA:418,5
LF:2
LH:2
BRF:0
BRH:0
end_of_record
TN:
SF:src/components/ErrorBoundary.jsx
FN:6,(anonymous_0)
FN:11,(anonymous_1)
FN:15,(anonymous_2)
FN:18,(anonymous_3)
FN:29,(anonymous_4)
FN:33,(anonymous_5)
FN:37,(anonymous_6)
FNF:7
FNH:4
FNDA:103,(anonymous_0)
FNDA:98,(anonymous_1)
FNDA:49,(anonymous_2)
FNDA:0,(anonymous_3)
FNDA:0,(anonymous_4)
FNDA:0,(anonymous_5)
FNDA:196,(anonymous_6)
DA:7,103
DA:8,98
DA:12,98
DA:17,49
DA:18,0
DA:19,0
DA:23,49
DA:29,98
DA:30,0
DA:33,98
DA:34,0
DA:38,196
DA:39,98
DA:92,98
LF:14
LH:10
BRDA:17,0,0,0
BRDA:17,0,1,49
BRDA:17,1,0,49
BRDA:17,1,1,0
BRDA:38,2,0,98
BRDA:38,2,1,98
BRDA:72,3,0,98
BRDA:72,3,1,0
BRDA:72,3,2,0
BRF:9
BRH:5
end_of_record
TN:
SF:src/components/Admin/AdminBugReports.js
FN:6,(anonymous_0)
FN:19,(anonymous_1)
FN:24,(anonymous_2)
FN:37,(anonymous_3)
FN:46,(anonymous_4)
FN:59,(anonymous_5)
FN:71,(anonymous_6)
FN:83,(anonymous_7)
FN:97,(anonymous_8)
FN:113,(anonymous_9)
FN:126,(anonymous_10)
FN:136,(anonymous_11)
FN:193,(anonymous_12)
FN:198,(anonymous_13)
FN:212,(anonymous_14)
FN:223,(anonymous_15)
FN:259,(anonymous_16)
FN:262,(anonymous_17)
FN:283,(anonymous_18)
FN:304,(anonymous_19)
FN:386,(anonymous_20)
FN:402,(anonymous_21)
FN:417,(anonymous_22)
FN:420,(anonymous_23)
FN:430,(anonymous_24)
FNF:25
FNH:0
FNDA:0,(anonymous_0)
FNDA:0,(anonymous_1)
FNDA:0,(anonymous_2)
FNDA:0,(anonymous_3)
FNDA:0,(anonymous_4)
FNDA:0,(anonymous_5)
FNDA:0,(anonymous_6)
FNDA:0,(anonymous_7)
FNDA:0,(anonymous_8)
FNDA:0,(anonymous_9)
FNDA:0,(anonymous_10)
FNDA:0,(anonymous_11)
FNDA:0,(anonymous_12)
FNDA:0,(anonymous_13)
FNDA:0,(anonymous_14)
FNDA:0,(anonymous_15)
FNDA:0,(anonymous_16)
FNDA:0,(anonymous_17)
FNDA:0,(anonymous_18)
FNDA:0,(anonymous_19)
FNDA:0,(anonymous_20)
FNDA:0,(anonymous_21)
FNDA:0,(anonymous_22)
FNDA:0,(anonymous_23)
FNDA:0,(anonymous_24)
DA:6,0
DA:7,0
DA:8,0
DA:9,0
DA:10,0
DA:11,0
DA:12,0
DA:19,0
DA:20,0
DA:21,0
DA:24,0
DA:25,0
DA:26,0
DA:27,0
DA:28,0
DA:29,0
DA:31,0
DA:33,0
DA:37,0
DA:38,0
DA:39,0
DA:40,0
DA:42,0
DA:46,0
DA:47,0
DA:48,0
DA:49,0
DA:50,0
DA:51,0
DA:52,0
DA:55,0
DA:59,0
DA:60,0
DA:61,0
DA:62,0
DA:63,0
DA:64,0
DA:67,0
DA:71,0
DA:72,0
DA:73,0
DA:74,0
DA:75,0
DA:76,0
DA:79,0
DA:83,0
DA:84,0
DA:85,0
DA:87,0
DA:88,0
DA:89,0
DA:90,0
DA:91,0
DA:93,0
DA:97,0
DA:98,0
DA:99,0
DA:100,0
DA:101,0
DA:102,0
DA:103,0
DA:110,0
DA:113,0
DA:114,0
DA:123,0
DA:126,0
DA:127,0
DA:133,0
DA:136,0
DA:137,0
DA:146,0
DA:147,0
DA:150,0
DA:193,0
DA:198,0
DA:212,0
DA:223,0
DA:260,0
DA:262,0
DA:284,0
DA:285,0
DA:304,0
DA:386,0
DA:402,0
DA:418,0
DA:420,0
DA:430,0
LF:87
LH:0
BRDA:28,0,0,0
BRDA:28,0,1,0
BRDA:31,1,0,0
BRDA:31,1,1,0
BRDA:51,2,0,0
BRDA:51,2,1,0
BRDA:55,3,0,0
BRDA:55,3,1,0
BRDA:63,4,0,0
BRDA:63,4,1,0
BRDA:67,5,0,0
BRDA:67,5,1,0
BRDA:75,6,0,0
BRDA:75,6,1,0
BRDA:79,7,0,0
BRDA:79,7,1,0
BRDA:84,8,0,0
BRDA:84,8,1,0
BRDA:93,9,0,0
BRDA:93,9,1,0
BRDA:98,10,0,0
BRDA:98,10,1,0
BRDA:98,11,0,0
BRDA:98,11,1,0
BRDA:99,12,0,0
BRDA:99,12,1,0
BRDA:99,13,0,0
BRDA:99,13,1,0
BRDA:100,14,0,0
BRDA:100,14,1,0
BRDA:100,15,0,0
BRDA:100,15,1,0
BRDA:101,16,0,0
BRDA:101,16,1,0
BRDA:104,17,0,0
BRDA:104,17,1,0
BRDA:104,17,2,0
BRDA:104,17,3,0
BRDA:123,18,0,0
BRDA:123,18,1,0
BRDA:133,19,0,0
BRDA:133,19,1,0
BRDA:146,20,0,0
BRDA:146,20,1,0
BRDA:159,21,0,0
BRDA:159,21,1,0
BRDA:163,22,0,0
BRDA:163,22,1,0
BRDA:171,23,0,0
BRDA:171,23,1,0
BRDA:175,24,0,0
BRDA:175,24,1,0
BRDA:179,25,0,0
BRDA:179,25,1,0
BRDA:183,26,0,0
BRDA:183,26,1,0
BRDA:252,27,0,0
BRDA:252,27,1,0
BRDA:263,28,0,0
BRDA:263,28,1,0
BRDA:298,29,0,0
BRDA:298,29,1,0
BRDA:333,30,0,0
BRDA:333,30,1,0
BRDA:340,31,0,0
BRDA:340,31,1,0
BRDA:347,32,0,0
BRDA:347,32,1,0
BRDA:372,33,0,0
BRDA:372,33,1,0
BRDA:416,34,0,0
BRDA:416,34,1,0
BRF:72
BRH:0
end_of_record
TN:
SF:src/components/Admin/AdminDashboard.js
FN:7,(anonymous_0)
FN:14,(anonymous_1)
FN:18,(anonymous_2)
FN:46,(anonymous_3)
FN:54,(anonymous_4)
FN:68,(anonymous_5)
FN:116,(anonymous_6)
FN:159,(anonymous_7)
FN:171,(anonymous_8)
FN:193,(anonymous_9)
FN:222,(anonymous_10)
FNF:11
FNH:0
FNDA:0,(anonymous_0)
FNDA:0,(anonymous_1)
FNDA:0,(anonymous_2)
FNDA:0,(anonymous_3)
FNDA:0,(anonymous_4)
FNDA:0,(anonymous_5)
FNDA:0,(anonymous_6)
FNDA:0,(anonymous_7)
FNDA:0,(anonymous_8)
FNDA:0,(anonymous_9)
FNDA:0,(anonymous_10)
DA:7,0
DA:8,0
DA:9,0
DA:10,0
DA:11,0
DA:12,0
DA:14,0
DA:15,0
DA:18,0
DA:19,0
DA:20,0
DA:23,0
DA:30,0
DA:31,0
DA:34,0
DA:35,0
DA:37,0
DA:38,0
DA:40,0
DA:42,0
DA:46,0
DA:47,0
DA:54,0
DA:55,0
DA:65,0
DA:68,0
DA:69,0
DA:75,0
DA:78,0
DA:79,0
DA:82,0
DA:117,0
DA:160,0
DA:172,0
DA:194,0
DA:223,0
LF:36
LH:0
BRDA:34,0,0,0
BRDA:34,0,1,0
BRDA:35,1,0,0
BRDA:35,1,1,0
BRDA:65,2,0,0
BRDA:65,2,1,0
BRDA:75,3,0,0
BRDA:75,3,1,0
BRDA:78,4,0,0
BRDA:78,4,1,0
BRDA:97,5,0,0
BRDA:97,5,1,0
BRDA:101,6,0,0
BRDA:101,6,1,0
BRDA:105,7,0,0
BRDA:105,7,1,0
BRDA:109,8,0,0
BRDA:109,8,1,0
BRDA:116,9,0,0
BRDA:116,9,1,0
BRDA:127,10,0,0
BRDA:127,10,1,0
BRDA:140,11,0,0
BRDA:140,11,1,0
BRDA:144,12,0,0
BRDA:144,12,1,0
BRDA:148,13,0,0
BRDA:148,13,1,0
BRDA:152,14,0,0
BRDA:152,14,1,0
BRDA:159,15,0,0
BRDA:159,15,1,0
BRDA:171,16,0,0
BRDA:171,16,1,0
BRDA:189,17,0,0
BRDA:189,17,1,0
BRDA:205,18,0,0
BRDA:205,18,1,0
BRDA:218,19,0,0
BRDA:218,19,1,0
BRF:40
BRH:0
end_of_record
TN:
SF:src/components/Admin/AdminFeedback.js
FN:6,(anonymous_0)
FN:19,(anonymous_1)
FN:24,(anonymous_2)
FN:37,(anonymous_3)
FN:46,(anonymous_4)
FN:59,(anonymous_5)
FN:71,(anonymous_6)
FN:83,(anonymous_7)
FN:97,(anonymous_8)
FN:113,(anonymous_9)
FN:124,(anonymous_10)
FN:134,(anonymous_11)
FN:191,(anonymous_12)
FN:196,(anonymous_13)
FN:208,(anonymous_14)
FN:220,(anonymous_15)
FN:254,(anonymous_16)
FN:257,(anonymous_17)
FN:283,(anonymous_18)
FN:304,(anonymous_19)
FN:342,(anonymous_20)
FN:356,(anonymous_21)
FN:371,(anonymous_22)
FN:374,(anonymous_23)
FN:384,(anonymous_24)
FNF:25
FNH:0
FNDA:0,(anonymous_0)
FNDA:0,(anonymous_1)
FNDA:0,(anonymous_2)
FNDA:0,(anonymous_3)
FNDA:0,(anonymous_4)
FNDA:0,(anonymous_5)
FNDA:0,(anonymous_6)
FNDA:0,(anonymous_7)
FNDA:0,(anonymous_8)
FNDA:0,(anonymous_9)
FNDA:0,(anonymous_10)
FNDA:0,(anonymous_11)
FNDA:0,(anonymous_12)
FNDA:0,(anonymous_13)
FNDA:0,(anonymous_14)
FNDA:0,(anonymous_15)
FNDA:0,(anonymous_16)
FNDA:0,(anonymous_17)
FNDA:0,(anonymous_18)
FNDA:0,(anonymous_19)
FNDA:0,(anonymous_20)
FNDA:0,(anonymous_21)
FNDA:0,(anonymous_22)
FNDA:0,(anonymous_23)
FNDA:0,(anonymous_24)
DA:6,0
DA:7,0
DA:8,0
DA:9,0
DA:10,0
DA:11,0
DA:12,0
DA:19,0
DA:20,0
DA:21,0
DA:24,0
DA:25,0
DA:26,0
DA:27,0
DA:28,0
DA:29,0
DA:31,0
DA:33,0
DA:37,0
DA:38,0
DA:39,0
DA:40,0
DA:42,0
DA:46,0
DA:47,0
DA:48,0
DA:49,0
DA:50,0
DA:51,0
DA:52,0
DA:55,0
DA:59,0
DA:60,0
DA:61,0
DA:62,0
DA:63,0
DA:64,0
DA:67,0
DA:71,0
DA:72,0
DA:73,0
DA:74,0
DA:75,0
DA:76,0
DA:79,0
DA:83,0
DA:84,0
DA:85,0
DA:87,0
DA:88,0
DA:89,0
DA:90,0
DA:91,0
DA:93,0
DA:97,0
DA:98,0
DA:99,0
DA:100,0
DA:101,0
DA:102,0
DA:103,0
DA:110,0
DA:113,0
DA:114,0
DA:121,0
DA:124,0
DA:125,0
DA:131,0
DA:134,0
DA:135,0
DA:144,0
DA:145,0
DA:148,0
DA:191,0
DA:196,0
DA:208,0
DA:220,0
DA:255,0
DA:257,0
DA:284,0
DA:285,0
DA:304,0
DA:342,0
DA:356,0
DA:372,0
DA:374,0
DA:384,0
LF:87
LH:0
BRDA:28,0,0,0
BRDA:28,0,1,0
BRDA:31,1,0,0
BRDA:31,1,1,0
BRDA:51,2,0,0
BRDA:51,2,1,0
BRDA:55,3,0,0
BRDA:55,3,1,0
BRDA:63,4,0,0
BRDA:63,4,1,0
BRDA:67,5,0,0
BRDA:67,5,1,0
BRDA:75,6,0,0
BRDA:75,6,1,0
BRDA:79,7,0,0
BRDA:79,7,1,0
BRDA:84,8,0,0
BRDA:84,8,1,0
BRDA:93,9,0,0
BRDA:93,9,1,0
BRDA:98,10,0,0
BRDA:98,10,1,0
BRDA:98,11,0,0
BRDA:98,11,1,0
BRDA:99,12,0,0
BRDA:99,12,1,0
BRDA:99,13,0,0
BRDA:99,13,1,0
BRDA:100,14,0,0
BRDA:100,14,1,0
BRDA:100,15,0,0
BRDA:100,15,1,0
BRDA:101,16,0,0
BRDA:101,16,1,0
BRDA:104,17,0,0
BRDA:104,17,1,0
BRDA:104,17,2,0
BRDA:104,17,3,0
BRDA:121,18,0,0
BRDA:121,18,1,0
BRDA:131,19,0,0
BRDA:131,19,1,0
BRDA:144,20,0,0
BRDA:144,20,1,0
BRDA:157,21,0,0
BRDA:157,21,1,0
BRDA:161,22,0,0
BRDA:161,22,1,0
BRDA:169,23,0,0
BRDA:169,23,1,0
BRDA:173,24,0,0
BRDA:173,24,1,0
BRDA:177,25,0,0
BRDA:177,25,1,0
BRDA:181,26,0,0
BRDA:181,26,1,0
BRDA:247,27,0,0
BRDA:247,27,1,0
BRDA:258,28,0,0
BRDA:258,28,1,0
BRDA:266,29,0,0
BRDA:266,29,1,0
BRDA:267,30,0,0
BRDA:267,30,1,0
BRDA:298,31,0,0
BRDA:298,31,1,0
BRDA:321,32,0,0
BRDA:321,32,1,0
BRDA:330,33,0,0
BRDA:330,33,1,0
BRDA:331,34,0,0
BRDA:331,34,1,0
BRDA:370,35,0,0
BRDA:370,35,1,0
BRF:74
BRH:0
end_of_record
TN:
SF:src/components/BugReport/BugReportForm.js
FN:6,(anonymous_0)
FN:30,(anonymous_1)
FN:32,(anonymous_2)
FN:66,(anonymous_3)
FN:79,(anonymous_4)
FN:81,(anonymous_5)
FN:87,(anonymous_6)
FN:96,(anonymous_7)
FN:345,(anonymous_8)
FNF:9
FNH:0
FNDA:0,(anonymous_0)
FNDA:0,(anonymous_1)
FNDA:0,(anonymous_2)
FNDA:0,(anonymous_3)
FNDA:0,(anonymous_4)
FNDA:0,(anonymous_5)
FNDA:0,(anonymous_6)
FNDA:0,(anonymous_7)
FNDA:0,(anonymous_8)
DA:6,0
DA:7,0
DA:8,0
DA:26,0
DA:27,0
DA:28,0
DA:30,0
DA:32,0
DA:33,0
DA:34,0
DA:35,0
DA:37,0
DA:38,0
DA:39,0
DA:40,0
DA:41,0
DA:42,0
DA:43,0
DA:44,0
DA:45,0
DA:46,0
DA:47,0
DA:48,0
DA:52,0
DA:53,0
DA:54,0
DA:55,0
DA:56,0
DA:57,0
DA:60,0
DA:61,0
DA:64,0
DA:66,0
DA:76,0
DA:79,0
DA:80,0
DA:81,0
DA:87,0
DA:88,0
DA:89,0
DA:90,0
DA:92,0
DA:93,0
DA:94,0
DA:96,0
DA:97,0
DA:100,0
DA:102,0
DA:106,0
DA:107,0
DA:117,0
DA:345,0
LF:52
LH:0
BRDA:37,0,0,0
BRDA:37,0,1,0
BRDA:39,1,0,0
BRDA:39,1,1,0
BRDA:40,2,0,0
BRDA:40,2,1,0
BRDA:42,3,0,0
BRDA:42,3,1,0
BRDA:43,4,0,0
BRDA:43,4,1,0
BRDA:45,5,0,0
BRDA:45,5,1,0
BRDA:46,6,0,0
BRDA:46,6,1,0
BRDA:48,7,0,0
BRDA:48,7,1,0
BRDA:53,8,0,0
BRDA:53,8,1,0
BRDA:54,9,0,0
BRDA:54,9,1,0
BRDA:55,10,0,0
BRDA:55,10,1,0
BRDA:56,11,0,0
BRDA:56,11,1,0
BRDA:57,12,0,0
BRDA:57,12,1,0
BRDA:61,13,0,0
BRDA:61,13,1,0
BRDA:100,14,0,0
BRDA:100,14,1,0
BRDA:106,15,0,0
BRDA:106,15,1,0
BRDA:125,16,0,0
BRDA:125,16,1,0
BRDA:355,17,0,0
BRDA:355,17,1,0
BRF:36
BRH:0
end_of_record
TN:
SF:src/components/CodeEditor/CodeSharingModal.jsx
FN:20,(anonymous_0)
FN:44,(anonymous_1)
FN:51,(anonymous_2)
FN:79,(anonymous_3)
FN:151,(anonymous_4)
FN:177,(anonymous_5)
FN:181,(anonymous_6)
FN:187,(anonymous_7)
FN:198,(anonymous_8)
FN:265,(anonymous_9)
FN:265,(anonymous_10)
FN:275,(anonymous_11)
FN:275,(anonymous_12)
FN:292,(anonymous_13)
FN:292,(anonymous_14)
FN:301,(anonymous_15)
FN:301,(anonymous_16)
FN:314,(anonymous_17)
FN:314,(anonymous_18)
FN:333,(anonymous_19)
FN:333,(anonymous_20)
FN:352,(anonymous_21)
FN:358,(anonymous_22)
FN:364,(anonymous_23)
FN:370,(anonymous_24)
FN:397,(anonymous_25)
FN:427,(anonymous_26)
FNF:27
FNH:0
FNDA:0,(anonymous_0)
FNDA:0,(anonymous_1)
FNDA:0,(anonymous_2)
FNDA:0,(anonymous_3)
FNDA:0,(anonymous_4)
FNDA:0,(anonymous_5)
FNDA:0,(anonymous_6)
FNDA:0,(anonymous_7)
FNDA:0,(anonymous_8)
FNDA:0,(anonymous_9)
FNDA:0,(anonymous_10)
FNDA:0,(anonymous_11)
FNDA:0,(anonymous_12)
FNDA:0,(anonymous_13)
FNDA:0,(anonymous_14)
FNDA:0,(anonymous_15)
FNDA:0,(anonymous_16)
FNDA:0,(anonymous_17)
FNDA:0,(anonymous_18)
FNDA:0,(anonymous_19)
FNDA:0,(anonymous_20)
FNDA:0,(anonymous_21)
FNDA:0,(anonymous_22)
FNDA:0,(anonymous_23)
FNDA:0,(anonymous_24)
FNDA:0,(anonymous_25)
FNDA:0,(anonymous_26)
DA:20,1
DA:28,0
DA:29,0
DA:30,0
DA:37,0
DA:38,0
DA:39,0
DA:40,0
DA:41,0
DA:42,0
DA:44,0
DA:45,0
DA:46,0
DA:47,0
DA:51,0
DA:52,0
DA:53,0
DA:55,0
DA:64,0
DA:65,0
DA:66,0
DA:69,0
DA:70,0
DA:73,0
DA:75,0
DA:79,0
DA:80,0
DA:82,0
DA:83,0
DA:84,0
DA:87,0
DA:88,0
DA:91,0
DA:92,0
DA:93,0
DA:94,0
DA:95,0
DA:97,0
DA:98,0
DA:99,0
DA:101,0
DA:104,0
DA:105,0
DA:107,0
DA:110,0
DA:112,0
DA:113,0
DA:116,0
DA:117,0
DA:118,0
DA:119,0
DA:120,0
DA:123,0
DA:124,0
DA:126,0
DA:127,0
DA:131,0
DA:132,0
DA:135,0
DA:137,0
DA:140,0
DA:142,0
DA:143,0
DA:146,0
DA:148,0
DA:150,0
DA:151,0
DA:152,0
DA:153,0
DA:155,0
DA:157,0
DA:160,0
DA:162,0
DA:167,0
DA:169,0
DA:170,0
DA:173,0
DA:174,0
DA:177,0
DA:178,0
DA:179,0
DA:180,0
DA:181,0
DA:183,0
DA:187,0
DA:188,0
DA:190,0
DA:191,0
DA:192,0
DA:193,0
DA:194,0
DA:195,0
DA:198,0
DA:199,0
DA:200,0
DA:202,0
DA:203,0
DA:205,0
DA:206,0
DA:208,0
DA:209,0
DA:211,0
DA:212,0
DA:214,0
DA:215,0
DA:218,0
DA:219,0
DA:223,0
DA:225,0
DA:265,0
DA:275,0
DA:292,0
DA:301,0
DA:314,0
DA:333,0
DA:352,0
DA:358,0
DA:364,0
DA:370,0
DA:397,0
DA:427,0
LF:121
LH:1
BRDA:25,0,0,0
BRDA:26,1,0,0
BRDA:45,2,0,0
BRDA:45,2,1,0
BRDA:45,3,0,0
BRDA:45,3,1,0
BRDA:61,4,0,0
BRDA:61,4,1,0
BRDA:80,5,0,0
BRDA:80,5,1,0
BRDA:92,6,0,0
BRDA:92,6,1,0
BRDA:92,7,0,0
BRDA:92,7,1,0
BRDA:92,7,2,0
BRDA:105,8,0,0
BRDA:105,8,1,0
BRDA:105,9,0,0
BRDA:105,9,1,0
BRDA:105,9,2,0
BRDA:110,10,0,0
BRDA:110,10,1,0
BRDA:110,11,0,0
BRDA:110,11,1,0
BRDA:110,11,2,0
BRDA:123,12,0,0
BRDA:123,12,1,0
BRDA:124,13,0,0
BRDA:124,13,1,0
BRDA:124,14,0,0
BRDA:124,14,1,0
BRDA:124,14,2,0
BRDA:135,15,0,0
BRDA:135,15,1,0
BRDA:135,16,0,0
BRDA:135,16,1,0
BRDA:135,16,2,0
BRDA:140,17,0,0
BRDA:140,17,1,0
BRDA:140,18,0,0
BRDA:140,18,1,0
BRDA:140,18,2,0
BRDA:146,19,0,0
BRDA:146,19,1,0
BRDA:146,20,0,0
BRDA:146,20,1,0
BRDA:146,20,2,0
BRDA:153,21,0,0
BRDA:153,21,1,0
BRDA:155,22,0,0
BRDA:155,22,1,0
BRDA:155,23,0,0
BRDA:155,23,1,0
BRDA:155,23,2,0
BRDA:160,24,0,0
BRDA:160,24,1,0
BRDA:160,25,0,0
BRDA:160,25,1,0
BRDA:160,25,2,0
BRDA:167,26,0,0
BRDA:167,26,1,0
BRDA:167,27,0,0
BRDA:167,27,1,0
BRDA:167,27,2,0
BRDA:188,28,0,0
BRDA:188,28,1,0
BRDA:203,29,0,0
BRDA:203,29,1,0
BRDA:203,29,2,0
BRDA:203,29,3,0
BRDA:218,30,0,0
BRDA:218,30,1,0
BRDA:223,31,0,0
BRDA:223,31,1,0
BRDA:229,32,0,0
BRDA:229,32,1,0
BRDA:233,33,0,0
BRDA:233,33,1,0
BRDA:242,34,0,0
BRDA:242,34,1,0
BRDA:252,35,0,0
BRDA:252,35,1,0
BRDA:316,36,0,0
BRDA:316,36,1,0
BRDA:335,37,0,0
BRDA:335,37,1,0
BRDA:391,38,0,0
BRDA:391,38,1,0
BRDA:399,39,0,0
BRDA:399,39,1,0
BRDA:401,40,0,0
BRDA:401,40,1,0
BRDA:406,41,0,0
BRDA:406,41,1,0
BRDA:415,42,0,0
BRDA:415,42,1,0
BRDA:423,43,0,0
BRDA:423,43,1,0
BRDA:429,44,0,0
BRDA:429,44,1,0
BRDA:431,45,0,0
BRDA:431,45,1,0
BRDA:436,46,0,0
BRDA:436,46,1,0
BRDA:450,47,0,0
BRDA:450,47,1,0
BRDA:462,48,0,0
BRDA:462,48,1,0
BRDA:474,49,0,0
BRDA:474,49,1,0
BRDA:476,50,0,0
BRDA:476,50,1,0
BRDA:493,51,0,0
BRDA:493,51,1,0
BRDA:509,52,0,0
BRDA:509,52,1,0
BRF:116
BRH:0
end_of_record
TN:
SF:src/components/CodeEditor/CodeSnippetManager.jsx
FN:25,(anonymous_0)
FN:56,(anonymous_1)
FN:61,(anonymous_2)
FN:62,(anonymous_3)
FN:71,(anonymous_4)
FN:77,(anonymous_5)
FN:95,(anonymous_6)
FN:113,(anonymous_7)
FN:123,(anonymous_8)
FN:143,(anonymous_9)
FN:152,(anonymous_10)
FN:154,(anonymous_11)
FN:159,(anonymous_12)
FN:160,(anonymous_13)
FN:166,(anonymous_14)
FN:168,(anonymous_15)
FN:177,(anonymous_16)
FN:181,(anonymous_17)
FN:187,(anonymous_18)
FN:200,(anonymous_19)
FN:207,(anonymous_20)
FN:222,(anonymous_21)
FN:236,(anonymous_22)
FN:247,(anonymous_23)
FN:266,(anonymous_24)
FN:292,(anonymous_25)
FN:319,(anonymous_26)
FN:334,(anonymous_27)
FN:341,(anonymous_28)
FN:351,(anonymous_29)
FN:367,(anonymous_30)
FN:370,(anonymous_31)
FN:371,(anonymous_32)
FN:373,(anonymous_33)
FN:397,(anonymous_34)
FN:426,(anonymous_35)
FN:462,(anonymous_36)
FN:492,(anonymous_37)
FN:500,(anonymous_38)
FN:517,(anonymous_39)
FN:529,(anonymous_40)
FN:541,(anonymous_41)
FN:553,(anonymous_42)
FN:565,(anonymous_43)
FN:591,(anonymous_44)
FN:604,(anonymous_45)
FN:620,(anonymous_46)
FN:620,(anonymous_47)
FN:634,(anonymous_48)
FN:634,(anonymous_49)
FN:649,(anonymous_50)
FN:649,(anonymous_51)
FN:656,(anonymous_52)
FN:669,(anonymous_53)
FN:669,(anonymous_54)
FN:671,(anonymous_55)
FN:671,(anonymous_56)
FN:687,(anonymous_57)
FN:687,(anonymous_58)
FN:697,(anonymous_59)
FN:697,(anonymous_60)
FN:709,(anonymous_61)
FNF:62
FNH:0
FNDA:0,(anonymous_0)
FNDA:0,(anonymous_1)
FNDA:0,(anonymous_2)
FNDA:0,(anonymous_3)
FNDA:0,(anonymous_4)
FNDA:0,(anonymous_5)
FNDA:0,(anonymous_6)
FNDA:0,(anonymous_7)
FNDA:0,(anonymous_8)
FNDA:0,(anonymous_9)
FNDA:0,(anonymous_10)
FNDA:0,(anonymous_11)
FNDA:0,(anonymous_12)
FNDA:0,(anonymous_13)
FNDA:0,(anonymous_14)
FNDA:0,(anonymous_15)
FNDA:0,(anonymous_16)
FNDA:0,(anonymous_17)
FNDA:0,(anonymous_18)
FNDA:0,(anonymous_19)
FNDA:0,(anonymous_20)
FNDA:0,(anonymous_21)
FNDA:0,(anonymous_22)
FNDA:0,(anonymous_23)
FNDA:0,(anonymous_24)
FNDA:0,(anonymous_25)
FNDA:0,(anonymous_26)
FNDA:0,(anonymous_27)
FNDA:0,(anonymous_28)
FNDA:0,(anonymous_29)
FNDA:0,(anonymous_30)
FNDA:0,(anonymous_31)
FNDA:0,(anonymous_32)
FNDA:0,(anonymous_33)
FNDA:0,(anonymous_34)
FNDA:0,(anonymous_35)
FNDA:0,(anonymous_36)
FNDA:0,(anonymous_37)
FNDA:0,(anonymous_38)
FNDA:0,(anonymous_39)
FNDA:0,(anonymous_40)
FNDA:0,(anonymous_41)
FNDA:0,(anonymous_42)
FNDA:0,(anonymous_43)
FNDA:0,(anonymous_44)
FNDA:0,(anonymous_45)
FNDA:0,(anonymous_46)
FNDA:0,(anonymous_47)
FNDA:0,(anonymous_48)
FNDA:0,(anonymous_49)
FNDA:0,(anonymous_50)
FNDA:0,(anonymous_51)
FNDA:0,(anonymous_52)
FNDA:0,(anonymous_53)
FNDA:0,(anonymous_54)
FNDA:0,(anonymous_55)
FNDA:0,(anonymous_56)
FNDA:0,(anonymous_57)
FNDA:0,(anonymous_58)
FNDA:0,(anonymous_59)
FNDA:0,(anonymous_60)
FNDA:0,(anonymous_61)
DA:25,1
DA:33,0
DA:34,0
DA:35,0
DA:36,0
DA:37,0
DA:38,0
DA:39,0
DA:40,0
DA:41,0
DA:42,0
DA:43,0
DA:46,0
DA:56,0
DA:57,0
DA:61,0
DA:62,0
DA:63,0
DA:68,0
DA:70,0
DA:71,0
DA:73,0
DA:77,0
DA:78,0
DA:80,0
DA:82,0
DA:84,0
DA:85,0
DA:86,0
DA:88,0
DA:92,0
DA:95,0
DA:97,0
DA:98,0
DA:99,0
DA:100,0
DA:101,0
DA:103,0
DA:113,0
DA:114,0
DA:115,0
DA:123,0
DA:124,0
DA:126,0
DA:142,0
DA:143,0
DA:146,0
DA:147,0
DA:148,0
DA:149,0
DA:152,0
DA:153,0
DA:154,0
DA:155,0
DA:159,0
DA:160,0
DA:161,0
DA:163,0
DA:166,0
DA:168,0
DA:169,0
DA:171,0
DA:173,0
DA:174,0
DA:177,0
DA:178,0
DA:179,0
DA:180,0
DA:181,0
DA:183,0
DA:187,0
DA:188,0
DA:189,0
DA:195,0
DA:196,0
DA:198,0
DA:199,0
DA:200,0
DA:203,0
DA:207,0
DA:208,0
DA:209,0
DA:211,0
DA:212,0
DA:213,0
DA:214,0
DA:215,0
DA:216,0
DA:217,0
DA:218,0
DA:219,0
DA:222,0
DA:223,0
DA:232,0
DA:233,0
DA:236,0
DA:237,0
DA:247,0
DA:248,0
DA:249,0
DA:250,0
DA:259,0
DA:260,0
DA:262,0
DA:265,0
DA:266,0
DA:268,0
DA:270,0
DA:292,0
DA:319,0
DA:334,0
DA:342,0
DA:351,0
DA:368,0
DA:371,0
DA:372,0
DA:373,0
DA:398,0
DA:399,0
DA:426,0
DA:463,0
DA:492,0
DA:500,0
DA:517,0
DA:529,0
DA:541,0
DA:553,0
DA:565,0
DA:591,0
DA:604,0
DA:620,0
DA:634,0
DA:649,0
DA:657,0
DA:669,0
DA:671,0
DA:687,0
DA:697,0
DA:709,0
LF:139
LH:1
BRDA:31,0,0,0
BRDA:63,1,0,0
BRDA:63,1,1,0
BRDA:63,1,2,0
BRDA:63,1,3,0
BRDA:68,2,0,0
BRDA:68,2,1,0
BRDA:70,3,0,0
BRDA:70,3,1,0
BRDA:73,4,0,0
BRDA:73,4,1,0
BRDA:73,4,2,0
BRDA:78,5,0,0
BRDA:78,5,1,0
BRDA:78,5,2,0
BRDA:78,5,3,0
BRDA:84,6,0,0
BRDA:84,6,1,0
BRDA:84,7,0,0
BRDA:84,7,1,0
BRDA:85,8,0,0
BRDA:85,8,1,0
BRDA:85,9,0,0
BRDA:85,9,1,0
BRDA:98,10,0,0
BRDA:98,10,1,0
BRDA:124,11,0,0
BRDA:124,11,1,0
BRDA:127,12,0,0
BRDA:127,12,1,0
BRDA:137,13,0,0
BRDA:137,13,1,0
BRDA:139,14,0,0
BRDA:139,14,1,0
BRDA:142,15,0,0
BRDA:142,15,1,0
BRDA:143,16,0,0
BRDA:143,16,1,0
BRDA:153,17,0,0
BRDA:153,17,1,0
BRDA:161,18,0,0
BRDA:161,18,1,0
BRDA:169,19,0,0
BRDA:169,19,1,0
BRDA:169,20,0,0
BRDA:169,20,1,0
BRDA:195,21,0,0
BRDA:195,21,1,0
BRDA:247,22,0,0
BRDA:248,23,0,0
BRDA:248,23,1,0
BRDA:268,24,0,0
BRDA:268,24,1,0
BRDA:274,25,0,0
BRDA:274,25,1,0
BRDA:278,26,0,0
BRDA:278,26,1,0
BRDA:284,27,0,0
BRDA:284,27,1,0
BRDA:301,28,0,0
BRDA:301,28,1,0
BRDA:311,29,0,0
BRDA:311,29,1,0
BRDA:322,30,0,0
BRDA:322,30,1,0
BRDA:336,31,0,0
BRDA:336,31,1,0
BRDA:353,32,0,0
BRDA:353,32,1,0
BRDA:365,33,0,0
BRDA:365,33,1,0
BRDA:372,34,0,0
BRDA:372,34,1,0
BRDA:378,35,0,0
BRDA:378,35,1,0
BRDA:380,36,0,0
BRDA:380,36,1,0
BRDA:395,37,0,0
BRDA:395,37,1,0
BRDA:403,38,0,0
BRDA:403,38,1,0
BRDA:413,39,0,0
BRDA:413,39,1,0
BRDA:418,40,0,0
BRDA:418,40,1,0
BRDA:420,41,0,0
BRDA:420,41,1,0
BRDA:428,42,0,0
BRDA:428,42,1,0
BRDA:430,43,0,0
BRDA:430,43,1,0
BRDA:454,44,0,0
BRDA:454,44,1,0
BRDA:460,45,0,0
BRDA:460,45,1,0
BRDA:466,46,0,0
BRDA:466,46,1,0
BRDA:479,47,0,0
BRDA:479,47,1,0
BRDA:485,48,0,0
BRDA:485,48,1,0
BRDA:502,49,0,0
BRDA:502,49,1,0
BRDA:504,50,0,0
BRDA:504,50,1,0
BRDA:510,51,0,0
BRDA:510,51,1,0
BRDA:519,52,0,0
BRDA:519,52,1,0
BRDA:531,53,0,0
BRDA:531,53,1,0
BRDA:543,54,0,0
BRDA:543,54,1,0
BRDA:555,55,0,0
BRDA:555,55,1,0
BRDA:567,56,0,0
BRDA:567,56,1,0
BRDA:585,57,0,0
BRDA:585,57,1,0
BRDA:586,58,0,0
BRDA:586,58,1,0
BRDA:586,59,0,0
BRDA:586,59,1,0
BRDA:586,59,2,0
BRDA:602,60,0,0
BRDA:602,60,1,0
BRDA:606,61,0,0
BRDA:606,61,1,0
BRDA:608,62,0,0
BRDA:608,62,1,0
BRDA:610,63,0,0
BRDA:610,63,1,0
BRDA:623,64,0,0
BRDA:623,64,1,0
BRDA:638,65,0,0
BRDA:638,65,1,0
BRDA:651,66,0,0
BRDA:651,66,1,0
BRDA:675,67,0,0
BRDA:675,67,1,0
BRDA:706,68,0,0
BRDA:706,68,1,0
BRDA:711,69,0,0
BRDA:711,69,1,0
BRDA:723,70,0,0
BRDA:723,70,1,0
BRF:146
BRH:0
end_of_record
TN:
SF:src/components/CodeEditor/EditorSettingsPanel.jsx
FN:15,(anonymous_0)
FN:26,(anonymous_1)
FN:30,(anonymous_2)
FN:36,(anonymous_3)
FN:48,(anonymous_4)
FN:124,(anonymous_5)
FN:127,(anonymous_6)
FN:153,(anonymous_7)
FN:160,(anonymous_8)
FN:173,(anonymous_9)
FN:180,(anonymous_10)
FN:199,(anonymous_11)
FN:219,(anonymous_12)
FN:232,(anonymous_13)
FN:251,(anonymous_14)
FN:266,(anonymous_15)
FN:282,(anonymous_16)
FN:289,(anonymous_17)
FN:302,(anonymous_18)
FN:309,(anonymous_19)
FN:321,(anonymous_20)
FN:338,(anonymous_21)
FN:339,(anonymous_22)
FN:339,(anonymous_23)
FN:359,(anonymous_24)
FN:374,(anonymous_25)
FN:390,(anonymous_26)
FN:410,(anonymous_27)
FN:417,(anonymous_28)
FN:430,(anonymous_29)
FN:437,(anonymous_30)
FN:453,(anonymous_31)
FN:468,(anonymous_32)
FN:483,(anonymous_33)
FN:499,(anonymous_34)
FN:518,(anonymous_35)
FNF:36
FNH:0
FNDA:0,(anonymous_0)
FNDA:0,(anonymous_1)
FNDA:0,(anonymous_2)
FNDA:0,(anonymous_3)
FNDA:0,(anonymous_4)
FNDA:0,(anonymous_5)
FNDA:0,(anonymous_6)
FNDA:0,(anonymous_7)
FNDA:0,(anonymous_8)
FNDA:0,(anonymous_9)
FNDA:0,(anonymous_10)
FNDA:0,(anonymous_11)
FNDA:0,(anonymous_12)
FNDA:0,(anonymous_13)
FNDA:0,(anonymous_14)
FNDA:0,(anonymous_15)
FNDA:0,(anonymous_16)
FNDA:0,(anonymous_17)
FNDA:0,(anonymous_18)
FNDA:0,(anonymous_19)
FNDA:0,(anonymous_20)
FNDA:0,(anonymous_21)
FNDA:0,(anonymous_22)
FNDA:0,(anonymous_23)
FNDA:0,(anonymous_24)
FNDA:0,(anonymous_25)
FNDA:0,(anonymous_26)
FNDA:0,(anonymous_27)
FNDA:0,(anonymous_28)
FNDA:0,(anonymous_29)
FNDA:0,(anonymous_30)
FNDA:0,(anonymous_31)
FNDA:0,(anonymous_32)
FNDA:0,(anonymous_33)
FNDA:0,(anonymous_34)
FNDA:0,(anonymous_35)
DA:15,0
DA:22,0
DA:23,0
DA:24,0
DA:26,0
DA:27,0
DA:30,0
DA:31,0
DA:32,0
DA:33,0
DA:36,0
DA:37,0
DA:44,0
DA:45,0
DA:48,0
DA:49,0
DA:50,0
DA:53,0
DA:54,0
DA:55,0
DA:64,0
DA:65,0
DA:72,0
DA:81,0
DA:89,0
DA:91,0
DA:98,0
DA:125,0
DA:127,0
DA:153,0
DA:161,0
DA:173,0
DA:181,0
DA:199,0
DA:219,0
DA:232,0
DA:251,0
DA:266,0
DA:282,0
DA:290,0
DA:302,0
DA:310,0
DA:321,0
DA:339,0
DA:340,0
DA:359,0
DA:374,0
DA:390,0
DA:410,0
DA:418,0
DA:430,0
DA:438,0
DA:453,0
DA:468,0
DA:483,0
DA:499,0
DA:518,0
LF:57
LH:0
BRDA:89,0,0,0
BRDA:89,0,1,0
BRDA:102,1,0,0
BRDA:102,1,1,0
BRDA:106,2,0,0
BRDA:106,2,1,0
BRDA:115,3,0,0
BRDA:115,3,1,0
BRDA:123,4,0,0
BRDA:123,4,1,0
BRDA:129,5,0,0
BRDA:129,5,1,0
BRDA:130,6,0,0
BRDA:130,6,1,0
BRDA:133,7,0,0
BRDA:133,7,1,0
BRDA:146,8,0,0
BRDA:146,8,1,0
BRDA:155,9,0,0
BRDA:155,9,1,0
BRDA:175,10,0,0
BRDA:175,10,1,0
BRDA:234,11,0,0
BRDA:234,11,1,0
BRDA:236,12,0,0
BRDA:236,12,1,0
BRDA:239,13,0,0
BRDA:239,13,1,0
BRDA:245,14,0,0
BRDA:245,14,1,0
BRDA:251,15,0,0
BRDA:251,15,1,0
BRDA:253,16,0,0
BRDA:253,16,1,0
BRDA:255,17,0,0
BRDA:255,17,1,0
BRDA:258,18,0,0
BRDA:258,18,1,0
BRDA:268,19,0,0
BRDA:268,19,1,0
BRDA:270,20,0,0
BRDA:270,20,1,0
BRDA:273,21,0,0
BRDA:273,21,1,0
BRDA:284,22,0,0
BRDA:284,22,1,0
BRDA:304,23,0,0
BRDA:304,23,1,0
BRDA:323,24,0,0
BRDA:323,24,1,0
BRDA:325,25,0,0
BRDA:325,25,1,0
BRDA:328,26,0,0
BRDA:328,26,1,0
BRDA:344,27,0,0
BRDA:344,27,1,0
BRDA:353,28,0,0
BRDA:353,28,1,0
BRDA:361,29,0,0
BRDA:361,29,1,0
BRDA:363,30,0,0
BRDA:363,30,1,0
BRDA:366,31,0,0
BRDA:366,31,1,0
BRDA:376,32,0,0
BRDA:376,32,1,0
BRDA:378,33,0,0
BRDA:378,33,1,0
BRDA:381,34,0,0
BRDA:381,34,1,0
BRDA:392,35,0,0
BRDA:392,35,1,0
BRDA:412,36,0,0
BRDA:412,36,1,0
BRDA:432,37,0,0
BRDA:432,37,1,0
BRDA:447,38,0,0
BRDA:447,38,1,0
BRDA:455,39,0,0
BRDA:455,39,1,0
BRDA:457,40,0,0
BRDA:457,40,1,0
BRDA:460,41,0,0
BRDA:460,41,1,0
BRDA:470,42,0,0
BRDA:470,42,1,0
BRDA:472,43,0,0
BRDA:472,43,1,0
BRDA:475,44,0,0
BRDA:475,44,1,0
BRDA:485,45,0,0
BRDA:485,45,1,0
BRDA:487,46,0,0
BRDA:487,46,1,0
BRDA:490,47,0,0
BRDA:490,47,1,0
BRDA:501,48,0,0
BRDA:501,48,1,0
BRDA:520,49,0,0
BRDA:520,49,1,0
BRDA:522,50,0,0
BRDA:522,50,1,0
BRDA:525,51,0,0
BRDA:525,51,1,0
BRDA:533,52,0,0
BRDA:533,52,1,0
BRDA:538,53,0,0
BRDA:538,53,1,0
BRF:108
BRH:0
end_of_record
TN:
SF:src/components/CodeEditor/EnhancedCodeEditor.jsx
FN:8,(anonymous_0)
FN:27,(anonymous_1)
FN:40,(anonymous_2)
FN:90,(anonymous_3)
FN:98,(anonymous_4)
FN:107,(anonymous_5)
FN:113,(anonymous_6)
FN:121,(anonymous_7)
FN:128,(anonymous_8)
FN:132,(anonymous_9)
FNF:10
FNH:0
FNDA:0,(anonymous_0)
FNDA:0,(anonymous_1)
FNDA:0,(anonymous_2)
FNDA:0,(anonymous_3)
FNDA:0,(anonymous_4)
FNDA:0,(anonymous_5)
FNDA:0,(anonymous_6)
FNDA:0,(anonymous_7)
FNDA:0,(anonymous_8)
FNDA:0,(anonymous_9)
DA:8,0
DA:18,0
DA:19,0
DA:20,0
DA:21,0
DA:22,0
DA:23,0
DA:24,0
DA:27,0
DA:28,0
DA:36,0
DA:40,0
DA:41,0
DA:43,0
DA:44,0
DA:45,0
DA:48,0
DA:49,0
DA:52,0
DA:55,0
DA:56,0
DA:58,0
DA:59,0
DA:61,0
DA:62,0
DA:63,0
DA:64,0
DA:65,0
DA:67,0
DA:68,0
DA:70,0
DA:71,0
DA:72,0
DA:73,0
DA:77,0
DA:78,0
DA:79,0
DA:80,0
DA:82,0
DA:83,0
DA:84,0
DA:90,0
DA:91,0
DA:92,0
DA:93,0
DA:95,0
DA:98,0
DA:99,0
DA:100,0
DA:101,0
DA:103,0
DA:107,0
DA:108,0
DA:109,0
DA:113,0
DA:114,0
DA:115,0
DA:116,0
DA:121,0
DA:122,0
DA:123,0
DA:128,0
DA:129,0
DA:130,0
DA:131,0
DA:132,0
DA:136,0
DA:143,0
DA:149,0
LF:69
LH:0
BRDA:11,0,0,0
BRDA:12,1,0,0
BRDA:13,2,0,0
BRDA:14,3,0,0
BRDA:15,4,0,0
BRDA:16,5,0,0
BRDA:36,6,0,0
BRDA:36,6,1,0
BRDA:41,7,0,0
BRDA:41,7,1,0
BRDA:49,8,0,0
BRDA:49,8,1,0
BRDA:55,9,0,0
BRDA:55,9,1,0
BRDA:61,10,0,0
BRDA:61,10,1,0
BRDA:61,11,0,0
BRDA:61,11,1,0
BRDA:67,12,0,0
BRDA:67,12,1,0
BRDA:67,13,0,0
BRDA:67,13,1,0
BRDA:70,14,0,0
BRDA:70,14,1,0
BRDA:70,15,0,0
BRDA:70,15,1,0
BRDA:78,16,0,0
BRDA:78,16,1,0
BRDA:78,17,0,0
BRDA:78,17,1,0
BRDA:82,18,0,0
BRDA:82,18,1,0
BRDA:92,19,0,0
BRDA:92,19,1,0
BRDA:100,20,0,0
BRDA:100,20,1,0
BRDA:114,21,0,0
BRDA:114,21,1,0
BRDA:114,22,0,0
BRDA:114,22,1,0
BRDA:122,23,0,0
BRDA:122,23,1,0
BRDA:122,24,0,0
BRDA:122,24,1,0
BRDA:130,25,0,0
BRDA:130,25,1,0
BRDA:146,26,0,0
BRDA:146,26,1,0
BRDA:155,27,0,0
BRDA:155,27,1,0
BRDA:156,28,0,0
BRDA:156,28,1,0
BRDA:158,29,0,0
BRDA:158,29,1,0
BRDA:159,30,0,0
BRDA:159,30,1,0
BRDA:164,31,0,0
BRDA:164,31,1,0
BRDA:180,32,0,0
BRDA:180,32,1,0
BRDA:185,33,0,0
BRDA:185,33,1,0
BRF:62
BRH:0
end_of_record
TN:
SF:src/components/CodeEditor/EnhancedOutputPanel.jsx
FN:16,(anonymous_0)
FN:34,(anonymous_1)
FN:40,(anonymous_2)
FN:44,(anonymous_3)
FN:50,(anonymous_4)
FN:62,(anonymous_5)
FN:71,(anonymous_6)
FN:109,(anonymous_7)
FN:116,(anonymous_8)
FN:135,(anonymous_9)
FN:199,(anonymous_10)
FN:215,(anonymous_11)
FN:279,(anonymous_12)
FN:308,(anonymous_13)
FN:315,(anonymous_14)
FNF:15
FNH:9
FNDA:123,(anonymous_0)
FNDA:23,(anonymous_1)
FNDA:0,(anonymous_2)
FNDA:0,(anonymous_3)
FNDA:0,(anonymous_4)
FNDA:123,(anonymous_5)
FNDA:21,(anonymous_6)
FNDA:7,(anonymous_7)
FNDA:123,(anonymous_8)
FNDA:5,(anonymous_9)
FNDA:0,(anonymous_10)
FNDA:0,(anonymous_11)
FNDA:0,(anonymous_12)
FNDA:5,(anonymous_13)
FNDA:7,(anonymous_14)
DA:16,1
DA:26,123
DA:27,123
DA:28,123
DA:29,123
DA:30,123
DA:31,123
DA:34,123
DA:35,23
DA:36,18
DA:40,123
DA:41,0
DA:42,0
DA:43,0
DA:44,0
DA:46,0
DA:50,123
DA:51,0
DA:52,0
DA:53,0
DA:54,0
DA:55,0
DA:56,0
DA:57,0
DA:58,0
DA:59,0
DA:62,123
DA:63,123
DA:65,8
DA:66,8
DA:67,8
DA:68,8
DA:69,8
DA:71,8
DA:72,21
DA:75,21
DA:76,2
DA:77,2
DA:78,19
DA:79,0
DA:80,0
DA:81,0
DA:82,19
DA:83,1
DA:84,1
DA:85,1
DA:86,18
DA:87,0
DA:88,0
DA:89,18
DA:90,2
DA:91,2
DA:92,16
DA:93,7
DA:94,9
DA:96,5
DA:97,5
DA:98,5
DA:100,5
DA:101,5
DA:106,8
DA:109,123
DA:110,7
DA:112,0
DA:113,0
DA:116,123
DA:117,123
DA:119,123
DA:120,0
DA:121,0
DA:122,0
DA:124,0
DA:129,123
DA:132,123
DA:133,123
DA:135,123
DA:136,5
DA:138,1
DA:140,0
DA:142,0
DA:144,2
DA:146,2
DA:150,123
DA:199,0
DA:215,0
DA:279,0
DA:309,5
DA:316,7
LF:88
LH:58
BRDA:19,0,0,0
BRDA:20,1,0,0
BRDA:23,2,0,0
BRDA:24,3,0,0
BRDA:35,4,0,18
BRDA:35,4,1,5
BRDA:35,5,0,23
BRDA:35,5,1,23
BRDA:63,6,0,115
BRDA:63,6,1,8
BRDA:75,7,0,2
BRDA:75,7,1,19
BRDA:78,8,0,0
BRDA:78,8,1,19
BRDA:82,9,0,1
BRDA:82,9,1,18
BRDA:86,10,0,0
BRDA:86,10,1,18
BRDA:89,11,0,2
BRDA:89,11,1,16
BRDA:92,12,0,7
BRDA:92,12,1,9
BRDA:92,13,0,16
BRDA:92,13,1,11
BRDA:94,14,0,5
BRDA:94,14,1,4
BRDA:94,15,0,9
BRDA:94,15,1,5
BRDA:96,16,0,5
BRDA:96,16,1,0
BRDA:100,17,0,5
BRDA:100,17,1,0
BRDA:110,18,0,7
BRDA:110,18,1,0
BRDA:117,19,0,0
BRDA:117,19,1,123
BRDA:119,20,0,0
BRDA:119,20,1,123
BRDA:136,21,0,1
BRDA:136,21,1,0
BRDA:136,21,2,0
BRDA:136,21,3,2
BRDA:136,21,4,2
BRDA:138,22,0,0
BRDA:138,22,1,1
BRDA:140,23,0,0
BRDA:140,23,1,0
BRDA:142,24,0,0
BRDA:142,24,1,0
BRDA:144,25,0,0
BRDA:144,25,1,2
BRDA:146,26,0,0
BRDA:146,26,1,2
BRDA:151,27,0,2
BRDA:151,27,1,121
BRDA:154,28,0,2
BRDA:154,28,1,121
BRDA:157,29,0,2
BRDA:157,29,1,121
BRDA:163,30,0,123
BRDA:163,30,1,1
BRDA:169,31,0,123
BRDA:169,31,1,0
BRDA:175,32,0,123
BRDA:175,32,1,122
BRDA:175,32,2,122
BRDA:175,32,3,7
BRDA:184,33,0,123
BRDA:184,33,1,120
BRDA:184,33,2,3
BRDA:186,34,0,3
BRDA:186,34,1,3
BRDA:189,35,0,3
BRDA:189,35,1,2
BRDA:201,36,0,0
BRDA:201,36,1,123
BRDA:203,37,0,2
BRDA:203,37,1,121
BRDA:217,38,0,2
BRDA:217,38,1,121
BRDA:232,39,0,0
BRDA:232,39,1,123
BRDA:234,40,0,2
BRDA:234,40,1,121
BRDA:240,41,0,0
BRDA:240,41,1,123
BRDA:248,42,0,2
BRDA:248,42,1,121
BRDA:262,43,0,2
BRDA:262,43,1,121
BRDA:274,44,0,123
BRDA:274,44,1,0
BRDA:275,45,0,0
BRDA:275,45,1,0
BRDA:282,46,0,0
BRDA:282,46,1,0
BRDA:294,47,0,2
BRDA:294,47,1,121
BRDA:299,48,0,5
BRDA:299,48,1,118
BRDA:304,49,0,3
BRDA:304,49,1,115
BRDA:305,50,0,3
BRDA:305,50,1,0
BRDA:305,51,0,3
BRDA:305,51,1,3
BRDA:346,52,0,123
BRDA:346,52,1,8
BRDA:348,53,0,0
BRDA:348,53,1,8
BRF:110
BRH:79
end_of_record
TN:
SF:src/components/CodeEditor/EnhancedPlayground.js
FN:33,(anonymous_0)
FN:95,(anonymous_1)
FN:101,(anonymous_2)
FN:102,(anonymous_3)
FN:109,(anonymous_4)
FN:110,(anonymous_5)
FN:118,(anonymous_6)
FN:126,(anonymous_7)
FN:133,(anonymous_8)
FN:146,(anonymous_9)
FN:157,(anonymous_10)
FN:163,(anonymous_11)
FN:242,(anonymous_12)
FN:248,(anonymous_13)
FN:265,(anonymous_14)
FN:284,(anonymous_15)
FN:290,(anonymous_16)
FN:291,(anonymous_17)
FN:296,(anonymous_18)
FN:300,(anonymous_19)
FN:306,(anonymous_20)
FN:310,(anonymous_21)
FN:316,(anonymous_22)
FN:329,(anonymous_23)
FN:335,(anonymous_24)
FN:341,(anonymous_25)
FN:347,(anonymous_26)
FN:376,(anonymous_27)
FN:381,(anonymous_28)
FN:418,(anonymous_29)
FN:430,(anonymous_30)
FN:442,(anonymous_31)
FN:458,(anonymous_32)
FN:467,(anonymous_33)
FN:476,(anonymous_34)
FN:511,(anonymous_35)
FN:521,(anonymous_36)
FN:552,(anonymous_37)
FN:559,(anonymous_38)
FN:576,(anonymous_39)
FN:638,(anonymous_40)
FN:658,(anonymous_41)
FN:672,(anonymous_42)
FN:682,(anonymous_43)
FN:711,(anonymous_44)
FN:747,(anonymous_45)
FN:781,(anonymous_46)
FN:783,(anonymous_47)
FN:801,(anonymous_48)
FN:810,(anonymous_49)
FN:821,(anonymous_50)
FN:897,(anonymous_51)
FN:908,(anonymous_52)
FNF:53
FNH:18
FNDA:124,(anonymous_0)
FNDA:15,(anonymous_1)
FNDA:15,(anonymous_2)
FNDA:15,(anonymous_3)
FNDA:15,(anonymous_4)
FNDA:15,(anonymous_5)
FNDA:15,(anonymous_6)
FNDA:15,(anonymous_7)
FNDA:18,(anonymous_8)
FNDA:18,(anonymous_9)
FNDA:5,(anonymous_10)
FNDA:0,(anonymous_11)
FNDA:1,(anonymous_12)
FNDA:0,(anonymous_13)
FNDA:0,(anonymous_14)
FNDA:0,(anonymous_15)
FNDA:0,(anonymous_16)
FNDA:0,(anonymous_17)
FNDA:1,(anonymous_18)
FNDA:0,(anonymous_19)
FNDA:0,(anonymous_20)
FNDA:0,(anonymous_21)
FNDA:0,(anonymous_22)
FNDA:0,(anonymous_23)
FNDA:0,(anonymous_24)
FNDA:0,(anonymous_25)
FNDA:0,(anonymous_26)
FNDA:15,(anonymous_27)
FNDA:0,(anonymous_28)
FNDA:0,(anonymous_29)
FNDA:0,(anonymous_30)
FNDA:0,(anonymous_31)
FNDA:0,(anonymous_32)
FNDA:0,(anonymous_33)
FNDA:0,(anonymous_34)
FNDA:0,(anonymous_35)
FNDA:0,(anonymous_36)
FNDA:0,(anonymous_37)
FNDA:2583,(anonymous_38)
FNDA:0,(anonymous_39)
FNDA:0,(anonymous_40)
FNDA:0,(anonymous_41)
FNDA:0,(anonymous_42)
FNDA:77,(anonymous_43)
FNDA:123,(anonymous_44)
FNDA:0,(anonymous_45)
FNDA:0,(anonymous_46)
FNDA:0,(anonymous_47)
FNDA:1,(anonymous_48)
FNDA:0,(anonymous_49)
FNDA:0,(anonymous_50)
FNDA:0,(anonymous_51)
FNDA:0,(anonymous_52)
DA:33,1
DA:34,124
DA:35,123
DA:36,123
DA:39,123
DA:40,123
DA:41,123
DA:42,123
DA:43,123
DA:44,123
DA:47,123
DA:48,123
DA:49,123
DA:50,123
DA:51,123
DA:52,123
DA:53,123
DA:56,123
DA:81,123
DA:82,123
DA:83,123
DA:84,123
DA:87,123
DA:88,123
DA:91,123
DA:92,123
DA:95,123
DA:96,15
DA:97,15
DA:101,123
DA:102,15
DA:109,123
DA:110,15
DA:118,123
DA:119,15
DA:120,15
DA:121,1
DA:126,123
DA:127,15
DA:128,15
DA:129,15
DA:133,123
DA:134,18
DA:135,18
DA:138,18
DA:139,18
DA:142,0
DA:146,123
DA:147,18
DA:148,18
DA:149,18
DA:150,18
DA:153,0
DA:157,123
DA:158,5
DA:161,5
DA:162,5
DA:163,0
DA:164,0
DA:167,5
DA:168,5
DA:169,5
DA:170,5
DA:173,5
DA:174,0
DA:177,5
DA:178,5
DA:180,5
DA:181,5
DA:190,3
DA:191,3
DA:193,3
DA:194,3
DA:195,3
DA:197,3
DA:198,3
DA:201,3
DA:202,0
DA:205,3
DA:206,0
DA:210,3
DA:211,2
DA:212,2
DA:213,2
DA:216,3
DA:217,3
DA:220,3
DA:221,3
DA:223,0
DA:226,1
DA:227,1
DA:229,1
DA:230,0
DA:231,1
DA:232,0
DA:234,1
DA:237,4
DA:238,4
DA:242,123
DA:243,1
DA:244,1
DA:248,123
DA:249,0
DA:250,0
DA:255,0
DA:256,0
DA:258,0
DA:261,0
DA:265,123
DA:266,0
DA:268,0
DA:277,0
DA:278,0
DA:279,0
DA:280,0
DA:281,0
DA:284,123
DA:285,0
DA:286,0
DA:287,0
DA:290,123
DA:291,0
DA:292,0
DA:293,0
DA:296,123
DA:297,1
DA:298,1
DA:299,1
DA:300,1
DA:306,123
DA:307,0
DA:310,123
DA:311,0
DA:312,0
DA:313,0
DA:316,123
DA:317,0
DA:318,0
DA:319,0
DA:320,0
DA:321,0
DA:322,0
DA:323,0
DA:324,0
DA:325,0
DA:326,0
DA:329,123
DA:330,0
DA:331,0
DA:332,0
DA:335,123
DA:336,0
DA:337,0
DA:341,123
DA:342,0
DA:344,0
DA:347,123
DA:348,0
DA:371,0
DA:372,0
DA:376,123
DA:377,15
DA:378,15
DA:379,0
DA:380,0
DA:381,0
DA:383,0
DA:388,123
DA:389,123
DA:391,123
DA:395,123
DA:399,123
DA:418,0
DA:430,0
DA:442,0
DA:458,0
DA:467,0
DA:476,0
DA:511,0
DA:521,0
DA:552,0
DA:560,2583
DA:576,0
DA:638,0
DA:658,0
DA:672,0
DA:682,77
DA:712,123
DA:747,0
DA:781,0
DA:783,0
DA:802,1
DA:810,0
DA:821,0
DA:897,0
DA:909,0
DA:910,0
LF:197
LH:119
BRDA:57,0,0,2
BRDA:57,0,1,121
BRDA:58,1,0,0
BRDA:58,1,1,123
BRDA:104,2,0,1
BRDA:104,2,1,14
BRDA:112,3,0,0
BRDA:112,3,1,15
BRDA:120,4,0,1
BRDA:120,4,1,14
BRDA:127,5,0,15
BRDA:127,5,1,0
BRDA:138,6,0,18
BRDA:138,6,1,0
BRDA:149,7,0,18
BRDA:149,7,1,0
BRDA:158,8,0,0
BRDA:158,8,1,5
BRDA:162,9,0,0
BRDA:162,9,1,5
BRDA:173,10,0,0
BRDA:173,10,1,5
BRDA:193,11,0,3
BRDA:193,11,1,0
BRDA:197,12,0,3
BRDA:197,12,1,0
BRDA:201,13,0,0
BRDA:201,13,1,3
BRDA:205,14,0,0
BRDA:205,14,1,3
BRDA:210,15,0,2
BRDA:210,15,1,1
BRDA:210,16,0,3
BRDA:210,16,1,1
BRDA:212,17,0,2
BRDA:212,17,1,0
BRDA:213,18,0,2
BRDA:213,18,1,0
BRDA:223,19,0,0
BRDA:223,19,1,0
BRDA:229,20,0,0
BRDA:229,20,1,1
BRDA:229,21,0,1
BRDA:229,21,1,1
BRDA:231,22,0,0
BRDA:231,22,1,1
BRDA:243,23,0,1
BRDA:243,23,1,0
BRDA:255,24,0,0
BRDA:255,24,1,0
BRDA:255,25,0,0
BRDA:255,25,1,0
BRDA:266,26,0,0
BRDA:266,26,1,0
BRDA:336,27,0,0
BRDA:336,27,1,0
BRDA:349,28,0,0
BRDA:349,28,1,0
BRDA:350,29,0,0
BRDA:350,29,1,0
BRDA:378,30,0,0
BRDA:378,30,1,15
BRDA:391,31,0,0
BRDA:391,31,1,123
BRDA:395,32,0,2
BRDA:395,32,1,121
BRDA:401,33,0,0
BRDA:401,33,1,123
BRDA:406,34,0,2
BRDA:406,34,1,121
BRDA:409,35,0,123
BRDA:409,35,1,123
BRDA:410,36,0,2
BRDA:410,36,1,121
BRDA:420,37,0,2
BRDA:420,37,1,121
BRDA:432,38,0,2
BRDA:432,38,1,121
BRDA:444,39,0,2
BRDA:444,39,1,121
BRDA:448,40,0,0
BRDA:448,40,1,123
BRDA:450,41,0,0
BRDA:450,41,1,123
BRDA:479,42,0,123
BRDA:479,42,1,123
BRDA:483,43,0,123
BRDA:483,43,1,0
BRDA:483,43,2,0
BRDA:484,44,0,0
BRDA:484,44,1,0
BRDA:488,45,0,0
BRDA:488,45,1,0
BRDA:492,46,0,0
BRDA:492,46,1,0
BRDA:496,47,0,0
BRDA:496,47,1,0
BRDA:500,48,0,0
BRDA:500,48,1,0
BRDA:508,49,0,123
BRDA:508,49,1,0
BRDA:508,49,2,0
BRDA:513,50,0,0
BRDA:513,50,1,0
BRDA:515,51,0,0
BRDA:515,51,1,0
BRDA:523,52,0,0
BRDA:523,52,1,0
BRDA:525,53,0,0
BRDA:525,53,1,0
BRDA:535,54,0,0
BRDA:535,54,1,123
BRDA:537,55,0,0
BRDA:537,55,1,123
BRDA:542,56,0,123
BRDA:542,56,1,0
BRDA:542,56,2,0
BRDA:542,56,3,123
BRDA:543,57,0,2
BRDA:543,57,1,121
BRDA:547,58,0,2
BRDA:547,58,1,121
BRDA:554,59,0,2
BRDA:554,59,1,121
BRDA:561,60,0,2583
BRDA:561,60,1,123
BRDA:566,61,0,123
BRDA:566,61,1,0
BRDA:570,62,0,123
BRDA:570,62,1,0
BRDA:578,63,0,2
BRDA:578,63,1,121
BRDA:590,64,0,2
BRDA:590,64,1,121
BRDA:602,65,0,1
BRDA:602,65,1,122
BRDA:604,66,0,2
BRDA:604,66,1,120
BRDA:610,67,0,1
BRDA:610,67,1,122
BRDA:616,68,0,2
BRDA:616,68,1,121
BRDA:628,69,0,2
BRDA:628,69,1,121
BRDA:640,70,0,2
BRDA:640,70,1,121
BRDA:652,71,0,123
BRDA:652,71,1,0
BRDA:654,72,0,0
BRDA:654,72,1,0
BRDA:669,73,0,0
BRDA:669,73,1,123
BRDA:672,74,0,0
BRDA:672,74,1,0
BRDA:682,75,0,77
BRDA:682,75,1,3
BRDA:685,76,0,0
BRDA:685,76,1,123
BRDA:719,77,0,123
BRDA:719,77,1,123
BRDA:738,78,0,2
BRDA:738,78,1,121
BRDA:749,79,0,2
BRDA:749,79,1,121
BRDA:760,80,0,123
BRDA:760,80,1,120
BRDA:760,80,2,3
BRDA:767,81,0,2
BRDA:767,81,1,121
BRDA:777,82,0,123
BRDA:777,82,1,0
BRDA:777,82,2,0
BRDA:777,82,3,123
BRDA:779,83,0,123
BRDA:779,83,1,115
BRDA:779,84,0,115
BRDA:779,84,1,0
BRDA:784,85,0,0
BRDA:784,85,1,123
BRDA:795,86,0,123
BRDA:795,86,1,123
BRDA:795,86,2,1
BRDA:796,87,0,0
BRDA:796,87,1,1
BRDA:797,88,0,0
BRDA:797,88,1,1
BRDA:803,89,0,0
BRDA:803,89,1,1
BRDA:806,90,0,0
BRDA:806,90,1,1
BRDA:817,91,0,0
BRDA:817,91,1,1
BRDA:833,92,0,123
BRDA:833,92,1,123
BRDA:834,93,0,2
BRDA:834,93,1,121
BRDA:835,94,0,2
BRDA:835,94,1,121
BRDA:840,95,0,2
BRDA:840,95,1,121
BRDA:842,96,0,2
BRDA:842,96,1,121
BRDA:845,97,0,2
BRDA:845,97,1,121
BRDA:850,98,0,2
BRDA:850,98,1,121
BRDA:852,99,0,2
BRDA:852,99,1,121
BRDA:855,100,0,2
BRDA:855,100,1,121
BRDA:860,101,0,2
BRDA:860,101,1,121
BRDA:862,102,0,2
BRDA:862,102,1,121
BRDA:865,103,0,2
BRDA:865,103,1,121
BRDA:870,104,0,2
BRDA:870,104,1,121
BRDA:872,105,0,2
BRDA:872,105,1,121
BRDA:875,106,0,2
BRDA:875,106,1,121
BRDA:886,107,0,123
BRDA:886,107,1,0
BRDA:889,108,0,0
BRDA:889,108,1,0
BRDA:891,109,0,0
BRDA:891,109,1,0
BRDA:900,110,0,0
BRDA:900,110,1,0
BRDA:913,111,0,0
BRDA:913,111,1,0
BRF:232
BRH:143
end_of_record
TN:
SF:src/components/CodeEditor/ErrorHighlighter.jsx
FN:11,(anonymous_0)
FN:22,(anonymous_1)
FN:32,(anonymous_2)
FN:45,(anonymous_3)
FN:58,(anonymous_4)
FN:79,(anonymous_5)
FN:87,(anonymous_6)
FN:102,(anonymous_7)
FN:179,(anonymous_8)
FN:182,(anonymous_9)
FN:209,(anonymous_10)
FN:222,(anonymous_11)
FN:235,(anonymous_12)
FN:250,(anonymous_13)
FN:251,(anonymous_14)
FN:260,(anonymous_15)
FN:298,(anonymous_16)
FN:303,(anonymous_17)
FNF:18
FNH:0
FNDA:0,(anonymous_0)
FNDA:0,(anonymous_1)
FNDA:0,(anonymous_2)
FNDA:0,(anonymous_3)
FNDA:0,(anonymous_4)
FNDA:0,(anonymous_5)
FNDA:0,(anonymous_6)
FNDA:0,(anonymous_7)
FNDA:0,(anonymous_8)
FNDA:0,(anonymous_9)
FNDA:0,(anonymous_10)
FNDA:0,(anonymous_11)
FNDA:0,(anonymous_12)
FNDA:0,(anonymous_13)
FNDA:0,(anonymous_14)
FNDA:0,(anonymous_15)
FNDA:0,(anonymous_16)
FNDA:0,(anonymous_17)
DA:11,0
DA:18,0
DA:19,0
DA:20,0
DA:22,0
DA:23,0
DA:24,0
DA:25,0
DA:27,0
DA:29,0
DA:32,0
DA:33,0
DA:35,0
DA:37,0
DA:39,0
DA:41,0
DA:45,0
DA:46,0
DA:48,0
DA:50,0
DA:52,0
DA:54,0
DA:58,0
DA:60,0
DA:79,0
DA:80,0
DA:87,0
DA:88,0
DA:89,0
DA:90,0
DA:91,0
DA:93,0
DA:103,0
DA:104,0
DA:105,0
DA:164,0
DA:170,0
DA:172,0
DA:174,0
DA:180,0
DA:182,0
DA:209,0
DA:222,0
DA:235,0
DA:250,0
DA:251,0
DA:252,0
DA:253,0
DA:254,0
DA:256,0
DA:258,0
DA:260,0
DA:262,0
DA:263,0
DA:264,0
DA:265,0
DA:276,0
DA:277,0
DA:285,0
DA:286,0
DA:287,0
DA:295,0
DA:298,0
DA:299,0
DA:300,0
DA:303,0
DA:304,0
DA:305,0
DA:308,0
LF:69
LH:0
BRDA:12,0,0,0
BRDA:13,1,0,0
BRDA:14,2,0,0
BRDA:16,3,0,0
BRDA:24,4,0,0
BRDA:24,4,1,0
BRDA:33,5,0,0
BRDA:33,5,1,0
BRDA:33,5,2,0
BRDA:33,5,3,0
BRDA:35,6,0,0
BRDA:35,6,1,0
BRDA:37,7,0,0
BRDA:37,7,1,0
BRDA:39,8,0,0
BRDA:39,8,1,0
BRDA:41,9,0,0
BRDA:41,9,1,0
BRDA:46,10,0,0
BRDA:46,10,1,0
BRDA:46,10,2,0
BRDA:46,10,3,0
BRDA:82,11,0,0
BRDA:82,11,1,0
BRDA:83,12,0,0
BRDA:83,12,1,0
BRDA:90,13,0,0
BRDA:90,13,1,0
BRDA:97,14,0,0
BRDA:97,14,1,0
BRDA:104,15,0,0
BRDA:104,15,1,0
BRDA:104,16,0,0
BRDA:104,16,1,0
BRDA:115,17,0,0
BRDA:115,17,1,0
BRDA:115,17,2,0
BRDA:117,18,0,0
BRDA:117,18,1,0
BRDA:122,19,0,0
BRDA:122,19,1,0
BRDA:124,20,0,0
BRDA:124,20,1,0
BRDA:130,21,0,0
BRDA:130,21,1,0
BRDA:139,22,0,0
BRDA:139,22,1,0
BRDA:148,23,0,0
BRDA:148,23,1,0
BRDA:170,24,0,0
BRDA:170,24,1,0
BRDA:170,24,2,0
BRDA:172,25,0,0
BRDA:172,25,1,0
BRDA:175,26,0,0
BRDA:175,26,1,0
BRDA:177,27,0,0
BRDA:177,27,1,0
BRDA:184,28,0,0
BRDA:184,28,1,0
BRDA:185,29,0,0
BRDA:185,29,1,0
BRDA:188,30,0,0
BRDA:188,30,1,0
BRDA:194,31,0,0
BRDA:194,31,1,0
BRDA:206,32,0,0
BRDA:206,32,1,0
BRDA:208,33,0,0
BRDA:208,33,1,0
BRDA:219,34,0,0
BRDA:219,34,1,0
BRDA:221,35,0,0
BRDA:221,35,1,0
BRDA:232,36,0,0
BRDA:232,36,1,0
BRDA:234,37,0,0
BRDA:234,37,1,0
BRDA:256,38,0,0
BRDA:256,38,1,0
BRDA:262,39,0,0
BRDA:262,39,1,0
BRDA:262,40,0,0
BRDA:262,40,1,0
BRDA:262,40,2,0
BRDA:264,41,0,0
BRDA:264,41,1,0
BRDA:276,42,0,0
BRDA:276,42,1,0
BRDA:276,43,0,0
BRDA:276,43,1,0
BRDA:285,44,0,0
BRDA:285,44,1,0
BRDA:285,45,0,0
BRDA:285,45,1,0
BRDA:290,46,0,0
BRDA:290,46,1,0
BRDA:300,47,0,0
BRDA:300,47,1,0
BRDA:300,48,0,0
BRDA:300,48,1,0
BRDA:305,49,0,0
BRDA:305,49,1,0
BRF:103
BRH:0
end_of_record
TN:
SF:src/components/CodeEditor/ExecutionButton.jsx
FN:13,(anonymous_0)
FN:30,(anonymous_1)
FN:34,(anonymous_2)
FN:35,(anonymous_3)
FN:41,(anonymous_4)
FN:46,(anonymous_5)
FN:51,(anonymous_6)
FN:64,(anonymous_7)
FN:87,(anonymous_8)
FN:97,(anonymous_9)
FN:114,(anonymous_10)
FN:127,(anonymous_11)
FN:222,(anonymous_12)
FN:225,(anonymous_13)
FN:233,(anonymous_14)
FN:244,(anonymous_15)
FNF:16
FNH:16
FNDA:137,(anonymous_0)
FNDA:28,(anonymous_1)
FNDA:5,(anonymous_2)
FNDA:5,(anonymous_3)
FNDA:7,(anonymous_4)
FNDA:3,(anonymous_5)
FNDA:137,(anonymous_6)
FNDA:137,(anonymous_7)
FNDA:137,(anonymous_8)
FNDA:137,(anonymous_9)
FNDA:137,(anonymous_10)
FNDA:5,(anonymous_11)
FNDA:3,(anonymous_12)
FNDA:12,(anonymous_13)
FNDA:3,(anonymous_14)
FNDA:3,(anonymous_15)
DA:13,1
DA:26,137
DA:27,137
DA:28,137
DA:30,137
DA:31,28
DA:32,7
DA:34,7
DA:35,5
DA:36,5
DA:37,5
DA:41,7
DA:43,21
DA:44,21
DA:45,3
DA:46,3
DA:51,137
DA:52,137
DA:54,0
DA:56,0
DA:58,0
DA:60,137
DA:64,137
DA:65,137
DA:66,0
DA:71,137
DA:73,0
DA:77,0
DA:79,0
DA:81,137
DA:87,137
DA:88,137
DA:89,12
DA:91,125
DA:92,5
DA:94,120
DA:97,137
DA:98,137
DA:99,5
DA:101,132
DA:102,14
DA:108,118
DA:109,0
DA:111,118
DA:114,137
DA:115,137
DA:116,5
DA:118,132
DA:119,14
DA:121,118
DA:122,0
DA:124,118
DA:127,137
DA:128,5
DA:130,5
DA:131,0
DA:133,5
DA:137,137
DA:222,1
DA:223,3
DA:225,3
DA:226,12
DA:227,12
DA:228,0
DA:229,0
DA:230,0
DA:233,3
DA:234,3
DA:235,3
DA:236,3
DA:237,0
DA:238,0
DA:239,0
DA:240,0
DA:244,3
DA:245,3
DA:246,3
DA:249,3
DA:251,0
DA:255,3
LF:80
LH:62
BRDA:19,0,0,0
BRDA:20,1,0,137
BRDA:21,2,0,0
BRDA:22,3,0,0
BRDA:23,4,0,0
BRDA:24,5,0,137
BRDA:31,6,0,7
BRDA:31,6,1,21
BRDA:36,7,0,0
BRDA:36,7,1,5
BRDA:44,8,0,3
BRDA:44,8,1,18
BRDA:52,9,0,0
BRDA:52,9,1,0
BRDA:52,9,2,0
BRDA:52,9,3,137
BRDA:65,10,0,0
BRDA:65,10,1,137
BRDA:65,11,0,137
BRDA:65,11,1,137
BRDA:66,12,0,0
BRDA:66,12,1,0
BRDA:71,13,0,0
BRDA:71,13,1,0
BRDA:71,13,2,0
BRDA:71,13,3,137
BRDA:73,14,0,0
BRDA:73,14,1,0
BRDA:81,15,0,14
BRDA:81,15,1,123
BRDA:88,16,0,12
BRDA:88,16,1,125
BRDA:91,17,0,5
BRDA:91,17,1,120
BRDA:98,18,0,5
BRDA:98,18,1,132
BRDA:101,19,0,14
BRDA:101,19,1,118
BRDA:108,20,0,0
BRDA:108,20,1,118
BRDA:115,21,0,5
BRDA:115,21,1,132
BRDA:118,22,0,14
BRDA:118,22,1,118
BRDA:121,23,0,0
BRDA:121,23,1,118
BRDA:128,24,0,0
BRDA:128,24,1,5
BRDA:128,25,0,5
BRDA:128,25,1,5
BRDA:130,26,0,0
BRDA:130,26,1,5
BRDA:143,27,0,137
BRDA:143,27,1,137
BRDA:153,28,0,137
BRDA:153,28,1,14
BRDA:167,29,0,137
BRDA:167,29,1,137
BRDA:167,29,2,137
BRDA:173,30,0,137
BRDA:173,30,1,14
BRDA:179,31,0,137
BRDA:179,31,1,14
BRDA:179,31,2,14
BRDA:184,32,0,0
BRDA:184,32,1,14
BRDA:196,33,0,137
BRDA:196,33,1,0
BRDA:196,33,2,0
BRDA:196,33,3,0
BRDA:198,34,0,0
BRDA:198,34,1,0
BRDA:200,35,0,0
BRDA:200,35,1,0
BRDA:207,36,0,0
BRDA:207,36,1,0
BRDA:209,37,0,0
BRDA:209,37,1,0
BRDA:222,38,0,3
BRDA:226,39,0,0
BRDA:226,39,1,12
BRDA:227,40,0,12
BRDA:227,40,1,0
BRDA:228,41,0,0
BRDA:228,41,1,0
BRDA:229,42,0,0
BRDA:229,42,1,0
BRDA:235,43,0,3
BRDA:235,43,1,0
BRDA:235,43,2,0
BRDA:235,43,3,0
BRDA:235,43,4,0
BRDA:240,44,0,0
BRDA:240,44,1,0
BRDA:246,45,0,3
BRDA:246,45,1,3
BRDA:246,45,2,0
BRDA:264,46,0,3
BRDA:264,46,1,3
BRDA:265,47,0,0
BRDA:265,47,1,3
BRDA:270,48,0,3
BRDA:270,48,1,2
BRDA:271,49,0,0
BRDA:271,49,1,2
BRF:105
BRH:58
end_of_record
TN:
SF:src/components/CodeEditor/MonacoCodeEditor.js
FN:12,(anonymous_0)
FN:206,(anonymous_1)
FN:213,(anonymous_2)
FN:215,(anonymous_3)
FN:223,(anonymous_4)
FN:269,(anonymous_5)
FN:380,(anonymous_6)
FN:384,(anonymous_7)
FN:389,(anonymous_8)
FN:395,(anonymous_9)
FN:401,(anonymous_10)
FN:407,(anonymous_11)
FN:413,(anonymous_12)
FN:418,(anonymous_13)
FN:424,(anonymous_14)
FN:430,(anonymous_15)
FN:440,(anonymous_16)
FN:443,(anonymous_17)
FN:452,(anonymous_18)
FN:457,(anonymous_19)
FN:462,(anonymous_20)
FN:466,(anonymous_21)
FN:475,(anonymous_22)
FN:495,(anonymous_23)
FNF:24
FNH:0
FNDA:0,(anonymous_0)
FNDA:0,(anonymous_1)
FNDA:0,(anonymous_2)
FNDA:0,(anonymous_3)
FNDA:0,(anonymous_4)
FNDA:0,(anonymous_5)
FNDA:0,(anonymous_6)
FNDA:0,(anonymous_7)
FNDA:0,(anonymous_8)
FNDA:0,(anonymous_9)
FNDA:0,(anonymous_10)
FNDA:0,(anonymous_11)
FNDA:0,(anonymous_12)
FNDA:0,(anonymous_13)
FNDA:0,(anonymous_14)
FNDA:0,(anonymous_15)
FNDA:0,(anonymous_16)
FNDA:0,(anonymous_17)
FNDA:0,(anonymous_18)
FNDA:0,(anonymous_19)
FNDA:0,(anonymous_20)
FNDA:0,(anonymous_21)
FNDA:0,(anonymous_22)
FNDA:0,(anonymous_23)
DA:12,0
DA:25,0
DA:26,0
DA:28,0
DA:206,0
DA:207,0
DA:208,0
DA:209,0
DA:213,0
DA:214,0
DA:215,0
DA:216,0
DA:219,0
DA:223,0
DA:224,0
DA:227,0
DA:228,0
DA:231,0
DA:234,0
DA:237,0
DA:238,0
DA:242,0
DA:245,0
DA:247,0
DA:250,0
DA:253,0
DA:256,0
DA:258,0
DA:260,0
DA:264,0
DA:265,0
DA:269,0
DA:270,0
DA:272,0
DA:274,0
DA:281,0
DA:293,0
DA:299,0
DA:315,0
DA:316,0
DA:325,0
DA:326,0
DA:352,0
DA:353,0
DA:376,0
DA:380,0
DA:381,0
DA:382,0
DA:384,0
DA:385,0
DA:386,0
DA:389,0
DA:390,0
DA:391,0
DA:395,0
DA:396,0
DA:397,0
DA:401,0
DA:402,0
DA:403,0
DA:407,0
DA:408,0
DA:409,0
DA:413,0
DA:414,0
DA:415,0
DA:418,0
DA:419,0
DA:420,0
DA:424,0
DA:425,0
DA:426,0
DA:430,0
DA:431,0
DA:432,0
DA:436,0
DA:440,0
DA:441,0
DA:443,0
DA:444,0
DA:445,0
DA:446,0
DA:452,0
DA:457,0
DA:462,0
DA:466,0
DA:471,0
DA:475,0
DA:476,0
DA:477,0
DA:478,0
DA:479,0
DA:480,0
DA:485,0
DA:486,0
DA:487,0
DA:490,0
DA:495,0
DA:496,0
DA:541,0
DA:544,0
LF:101
LH:0
BRDA:16,0,0,0
BRDA:17,1,0,0
BRDA:18,2,0,0
BRDA:20,3,0,0
BRDA:21,4,0,0
BRDA:22,5,0,0
BRDA:23,6,0,0
BRDA:207,7,0,0
BRDA:207,7,1,0
BRDA:207,8,0,0
BRDA:207,8,1,0
BRDA:207,8,2,0
BRDA:237,9,0,0
BRDA:237,9,1,0
BRDA:264,10,0,0
BRDA:264,10,1,0
BRDA:272,11,0,0
BRDA:272,11,1,0
BRDA:272,12,0,0
BRDA:272,12,1,0
BRDA:315,13,0,0
BRDA:315,13,1,0
BRDA:315,14,0,0
BRDA:315,14,1,0
BRDA:325,15,0,0
BRDA:325,15,1,0
BRDA:325,16,0,0
BRDA:325,16,1,0
BRDA:352,17,0,0
BRDA:352,17,1,0
BRDA:352,18,0,0
BRDA:352,18,1,0
BRDA:382,19,0,0
BRDA:382,19,1,0
BRDA:382,20,0,0
BRDA:382,20,1,0
BRDA:386,21,0,0
BRDA:386,21,1,0
BRDA:391,22,0,0
BRDA:391,22,1,0
BRDA:397,23,0,0
BRDA:397,23,1,0
BRDA:403,24,0,0
BRDA:403,24,1,0
BRDA:409,25,0,0
BRDA:409,25,1,0
BRDA:415,26,0,0
BRDA:415,26,1,0
BRDA:420,27,0,0
BRDA:420,27,1,0
BRDA:426,28,0,0
BRDA:426,28,1,0
BRDA:432,29,0,0
BRDA:432,29,1,0
BRDA:445,30,0,0
BRDA:445,30,1,0
BRDA:478,31,0,0
BRDA:478,31,1,0
BRDA:478,32,0,0
BRDA:478,32,1,0
BRDA:541,33,0,0
BRDA:541,33,1,0
BRF:62
BRH:0
end_of_record
TN:
SF:src/components/CodeEditor/SimpleCodeEditor.jsx
FN:76,(anonymous_0)
FN:89,(anonymous_1)
FN:102,(anonymous_2)
FN:122,(anonymous_3)
FN:159,(anonymous_4)
FN:231,(anonymous_5)
FNF:6
FNH:0
FNDA:0,(anonymous_0)
FNDA:0,(anonymous_1)
FNDA:0,(anonymous_2)
FNDA:0,(anonymous_3)
FNDA:0,(anonymous_4)
FNDA:0,(anonymous_5)
DA:7,0
DA:76,0
DA:85,0
DA:86,0
DA:89,0
DA:90,0
DA:98,0
DA:102,0
DA:103,0
DA:104,0
DA:105,0
DA:106,0
DA:108,0
DA:109,0
DA:110,0
DA:122,0
DA:123,0
DA:126,0
DA:128,0
DA:159,0
DA:226,0
DA:231,0
LF:22
LH:0
BRDA:79,0,0,0
BRDA:80,1,0,0
BRDA:81,2,0,0
BRDA:82,3,0,0
BRDA:83,4,0,0
BRDA:98,5,0,0
BRDA:98,5,1,0
BRDA:103,6,0,0
BRDA:103,6,1,0
BRDA:105,7,0,0
BRDA:105,7,1,0
BRDA:105,8,0,0
BRDA:105,8,1,0
BRDA:108,9,0,0
BRDA:108,9,1,0
BRDA:126,10,0,0
BRDA:126,10,1,0
BRDA:132,11,0,0
BRDA:132,11,1,0
BRDA:136,12,0,0
BRDA:136,12,1,0
BRDA:139,13,0,0
BRDA:139,13,1,0
BRDA:169,14,0,0
BRDA:169,14,1,0
BRDA:180,15,0,0
BRDA:180,15,1,0
BRDA:180,15,2,0
BRDA:191,16,0,0
BRDA:191,16,1,0
BRDA:197,17,0,0
BRDA:197,17,1,0
BRDA:211,18,0,0
BRDA:211,18,1,0
BRDA:231,19,0,0
BRDA:231,19,1,0
BRF:36
BRH:0
end_of_record
TN:
SF:src/components/CodeEditor/SyntaxHelper.js
FN:371,(anonymous_0)
FN:401,(anonymous_1)
FNF:2
FNH:0
FNDA:0,(anonymous_0)
FNDA:0,(anonymous_1)
DA:2,0
DA:371,0
DA:372,0
DA:373,0
DA:376,0
DA:377,0
DA:381,0
DA:382,0
DA:386,0
DA:391,0
DA:392,0
DA:393,0
DA:397,0
DA:401,0
DA:402,0
DA:405,0
DA:409,0
DA:410,0
DA:411,0
DA:417,0
DA:420,0
DA:421,0
DA:422,0
DA:428,0
DA:431,0
DA:432,0
DA:433,0
DA:439,0
DA:442,0
DA:443,0
DA:444,0
DA:450,0
DA:453,0
DA:454,0
DA:455,0
DA:461,0
DA:465,0
DA:468,0
LF:38
LH:0
BRDA:373,0,0,0
BRDA:373,0,1,0
BRDA:376,1,0,0
BRDA:376,1,1,0
BRDA:376,2,0,0
BRDA:376,2,1,0
BRDA:381,3,0,0
BRDA:381,3,1,0
BRDA:381,4,0,0
BRDA:381,4,1,0
BRDA:392,5,0,0
BRDA:392,5,1,0
BRDA:392,6,0,0
BRDA:392,6,1,0
BRDA:393,7,0,0
BRDA:393,7,1,0
BRDA:405,8,0,0
BRDA:405,8,1,0
BRDA:405,8,2,0
BRDA:405,8,3,0
BRDA:405,8,4,0
BRDA:405,8,5,0
BRDA:405,8,6,0
BRF:23
BRH:0
end_of_record
TN:
SF:src/components/CodeEditor/SyntaxTooltip.jsx
FN:4,(anonymous_0)
FN:7,(anonymous_1)
FN:18,(anonymous_2)
FNF:3
FNH:0
FNDA:0,(anonymous_0)
FNDA:0,(anonymous_1)
FNDA:0,(anonymous_2)
DA:4,0
DA:5,0
DA:7,0
DA:8,0
DA:10,0
DA:12,0
DA:14,0
DA:18,0
DA:19,0
DA:21,0
DA:23,0
DA:25,0
DA:29,0
LF:13
LH:0
BRDA:5,0,0,0
BRDA:5,0,1,0
BRDA:5,1,0,0
BRDA:5,1,1,0
BRDA:8,2,0,0
BRDA:8,2,1,0
BRDA:8,2,2,0
BRDA:19,3,0,0
BRDA:19,3,1,0
BRDA:19,3,2,0
BRDA:73,4,0,0
BRDA:73,4,1,0
BRF:12
BRH:0
end_of_record
TN:
SF:src/components/CodeEditor/autocompleteProviders.js
FN:7,(anonymous_0)
FN:12,(anonymous_1)
FN:301,(anonymous_2)
FN:453,(anonymous_3)
FN:565,(anonymous_4)
FN:570,(anonymous_5)
FN:633,(anonymous_6)
FN:684,(anonymous_7)
FN:689,(anonymous_8)
FN:727,(anonymous_9)
FN:736,(anonymous_10)
FNF:11
FNH:0
FNDA:0,(anonymous_0)
FNDA:0,(anonymous_1)
FNDA:0,(anonymous_2)
FNDA:0,(anonymous_3)
FNDA:0,(anonymous_4)
FNDA:0,(anonymous_5)
FNDA:0,(anonymous_6)
FNDA:0,(anonymous_7)
FNDA:0,(anonymous_8)
FNDA:0,(anonymous_9)
FNDA:0,(anonymous_10)
DA:7,0
DA:8,0
DA:11,0
DA:13,0
DA:14,0
DA:21,0
DA:295,0
DA:300,0
DA:302,0
DA:303,0
DA:310,0
DA:447,0
DA:452,0
DA:454,0
DA:455,0
DA:462,0
DA:557,0
DA:561,0
DA:565,0
DA:566,0
DA:569,0
DA:571,0
DA:572,0
DA:574,0
DA:619,0
DA:620,0
DA:621,0
DA:627,0
DA:632,0
DA:634,0
DA:635,0
DA:637,0
DA:668,0
DA:669,0
DA:670,0
DA:676,0
DA:680,0
DA:684,0
DA:685,0
DA:688,0
DA:690,0
DA:693,0
DA:708,0
DA:709,0
DA:710,0
DA:725,0
DA:732,0
DA:736,0
DA:738,0
LF:49
LH:0
BRDA:572,0,0,0
BRDA:572,0,1,0
BRDA:620,1,0,0
BRDA:620,1,1,0
BRDA:635,2,0,0
BRDA:635,2,1,0
BRDA:669,3,0,0
BRDA:669,3,1,0
BRDA:709,4,0,0
BRDA:709,4,1,0
BRF:10
BRH:0
end_of_record
TN:
SF:src/components/CodeEditor/languageConfig.js
FN:677,(anonymous_0)
FN:678,(anonymous_1)
FN:682,(anonymous_2)
FN:683,(anonymous_3)
FN:687,(anonymous_4)
FN:688,(anonymous_5)
FN:693,(anonymous_6)
FN:694,(anonymous_7)
FNF:8
FNH:4
FNDA:145,(anonymous_0)
FNDA:145,(anonymous_1)
FNDA:0,(anonymous_2)
FNDA:0,(anonymous_3)
FNDA:0,(anonymous_4)
FNDA:0,(anonymous_5)
FNDA:123,(anonymous_6)
FNDA:2583,(anonymous_7)
DA:2,3
DA:677,3
DA:678,145
DA:682,3
DA:683,0
DA:687,3
DA:688,0
DA:689,0
DA:693,3
DA:694,2583
DA:698,3
DA:718,3
LF:12
LH:9
BRDA:678,0,0,145
BRDA:678,0,1,0
BRF:2
BRH:1
end_of_record
TN:
SF:src/components/CodeEditor/themes/seekProfessional.js
FN:341,(anonymous_0)
FN:345,(anonymous_1)
FN:349,(anonymous_2)
FN:350,(anonymous_3)
FNF:4
FNH:0
FNDA:0,(anonymous_0)
FNDA:0,(anonymous_1)
FNDA:0,(anonymous_2)
FNDA:0,(anonymous_3)
DA:3,1
DA:341,1
DA:342,0
DA:345,1
DA:346,0
DA:349,1
DA:350,0
DA:358,1
LF:8
LH:5
BRDA:342,0,0,0
BRDA:342,0,1,0
BRF:2
BRH:0
end_of_record
TN:
SF:src/components/Feedback/FeedbackForm.js
FN:6,(anonymous_0)
FN:22,(anonymous_1)
FN:24,(anonymous_2)
FN:30,(anonymous_3)
FN:31,(anonymous_4)
FN:37,(anonymous_5)
FN:56,(anonymous_6)
FN:189,(anonymous_7)
FN:194,(anonymous_8)
FN:206,(anonymous_9)
FNF:10
FNH:0
FNDA:0,(anonymous_0)
FNDA:0,(anonymous_1)
FNDA:0,(anonymous_2)
FNDA:0,(anonymous_3)
FNDA:0,(anonymous_4)
FNDA:0,(anonymous_5)
FNDA:0,(anonymous_6)
FNDA:0,(anonymous_7)
FNDA:0,(anonymous_8)
FNDA:0,(anonymous_9)
DA:6,0
DA:7,0
DA:8,0
DA:18,0
DA:19,0
DA:20,0
DA:22,0
DA:23,0
DA:24,0
DA:30,0
DA:31,0
DA:37,0
DA:38,0
DA:39,0
DA:40,0
DA:42,0
DA:43,0
DA:44,0
DA:45,0
DA:56,0
DA:57,0
DA:60,0
DA:62,0
DA:66,0
DA:67,0
DA:77,0
DA:190,0
DA:194,0
DA:206,0
LF:29
LH:0
BRDA:60,0,0,0
BRDA:60,0,1,0
BRDA:66,1,0,0
BRDA:66,1,1,0
BRDA:85,2,0,0
BRDA:85,2,1,0
BRDA:193,3,0,0
BRDA:193,3,1,0
BRDA:216,4,0,0
BRDA:216,4,1,0
BRF:10
BRH:0
end_of_record
TN:
SF:src/components/ai/AITutorButton.jsx
FN:10,(anonymous_0)
FN:22,(anonymous_1)
FN:28,(anonymous_2)
FNF:3
FNH:0
FNDA:0,(anonymous_0)
FNDA:0,(anonymous_1)
FNDA:0,(anonymous_2)
DA:10,5
DA:20,0
DA:22,0
DA:24,0
DA:28,0
DA:29,0
DA:32,0
DA:33,0
DA:73,0
DA:74,0
DA:98,0
DA:99,0
DA:123,0
DA:124,0
DA:148,0
LF:15
LH:1
BRDA:11,0,0,0
BRDA:12,1,0,0
BRDA:13,2,0,0
BRDA:14,3,0,0
BRDA:15,4,0,0
BRDA:16,5,0,0
BRDA:32,6,0,0
BRDA:32,6,1,0
BRDA:73,7,0,0
BRDA:73,7,1,0
BRDA:84,8,0,0
BRDA:84,8,1,0
BRDA:98,9,0,0
BRDA:98,9,1,0
BRDA:109,10,0,0
BRDA:109,10,1,0
BRDA:123,11,0,0
BRDA:123,11,1,0
BRF:18
BRH:0
end_of_record
TN:
SF:src/components/ai/AITutorChat.jsx
FN:17,(anonymous_0)
FN:34,(anonymous_1)
FN:51,(anonymous_2)
FN:67,(anonymous_3)
FN:71,(anonymous_4)
FN:77,(anonymous_5)
FN:81,(anonymous_6)
FN:92,(anonymous_7)
FN:129,(anonymous_8)
FN:145,(anonymous_9)
FN:151,(anonymous_10)
FN:186,(anonymous_11)
FN:203,(anonymous_12)
FN:209,(anonymous_13)
FN:234,(anonymous_14)
FN:241,(anonymous_15)
FN:250,(anonymous_16)
FN:301,(anonymous_17)
FN:306,(anonymous_18)
FN:309,(anonymous_19)
FN:323,(anonymous_20)
FN:354,(anonymous_21)
FN:418,(anonymous_22)
FNF:23
FNH:0
FNDA:0,(anonymous_0)
FNDA:0,(anonymous_1)
FNDA:0,(anonymous_2)
FNDA:0,(anonymous_3)
FNDA:0,(anonymous_4)
FNDA:0,(anonymous_5)
FNDA:0,(anonymous_6)
FNDA:0,(anonymous_7)
FNDA:0,(anonymous_8)
FNDA:0,(anonymous_9)
FNDA:0,(anonymous_10)
FNDA:0,(anonymous_11)
FNDA:0,(anonymous_12)
FNDA:0,(anonymous_13)
FNDA:0,(anonymous_14)
FNDA:0,(anonymous_15)
FNDA:0,(anonymous_16)
FNDA:0,(anonymous_17)
FNDA:0,(anonymous_18)
FNDA:0,(anonymous_19)
FNDA:0,(anonymous_20)
FNDA:0,(anonymous_21)
FNDA:0,(anonymous_22)
DA:17,5
DA:24,0
DA:25,0
DA:26,0
DA:27,0
DA:28,0
DA:29,0
DA:30,0
DA:31,0
DA:34,0
DA:35,0
DA:41,0
DA:44,0
DA:51,0
DA:52,0
DA:53,0
DA:54,0
DA:57,0
DA:67,0
DA:68,0
DA:71,0
DA:72,0
DA:73,0
DA:77,0
DA:78,0
DA:81,0
DA:82,0
DA:84,0
DA:92,0
DA:93,0
DA:94,0
DA:96,0
DA:97,0
DA:105,0
DA:117,0
DA:119,0
DA:120,0
DA:129,0
DA:131,0
DA:134,0
DA:136,0
DA:145,0
DA:147,0
DA:151,0
DA:152,0
DA:154,0
DA:156,0
DA:157,0
DA:170,0
DA:172,0
DA:173,0
DA:186,0
DA:187,0
DA:189,0
DA:192,0
DA:194,0
DA:203,0
DA:205,0
DA:209,0
DA:210,0
DA:211,0
DA:220,0
DA:228,0
DA:230,0
DA:234,0
DA:235,0
DA:236,0
DA:237,0
DA:241,0
DA:243,0
DA:250,0
DA:252,0
DA:254,0
DA:302,0
DA:306,0
DA:310,0
DA:311,0
DA:324,0
DA:355,0
DA:418,0
LF:80
LH:1
BRDA:20,0,0,0
BRDA:21,1,0,0
BRDA:22,2,0,0
BRDA:29,3,0,0
BRDA:29,3,1,0
BRDA:41,4,0,0
BRDA:41,4,1,0
BRDA:52,5,0,0
BRDA:52,5,1,0
BRDA:52,6,0,0
BRDA:52,6,1,0
BRDA:60,7,0,0
BRDA:60,7,1,0
BRDA:72,8,0,0
BRDA:72,8,1,0
BRDA:72,9,0,0
BRDA:72,9,1,0
BRDA:82,10,0,0
BRDA:82,10,1,0
BRDA:82,11,0,0
BRDA:82,11,1,0
BRDA:101,12,0,0
BRDA:101,12,1,0
BRDA:119,13,0,0
BRDA:119,13,1,0
BRDA:131,14,0,0
BRDA:131,14,1,0
BRDA:152,15,0,0
BRDA:152,15,1,0
BRDA:152,16,0,0
BRDA:152,16,1,0
BRDA:172,17,0,0
BRDA:172,17,1,0
BRDA:189,18,0,0
BRDA:189,18,1,0
BRDA:235,19,0,0
BRDA:235,19,1,0
BRDA:235,20,0,0
BRDA:235,20,1,0
BRDA:252,21,0,0
BRDA:252,21,1,0
BRDA:280,22,0,0
BRDA:280,22,1,0
BRDA:304,23,0,0
BRDA:304,23,1,0
BRDA:329,24,0,0
BRDA:329,24,1,0
BRDA:332,25,0,0
BRDA:332,25,1,0
BRDA:334,26,0,0
BRDA:334,26,1,0
BRDA:343,27,0,0
BRDA:343,27,1,0
BRDA:345,28,0,0
BRDA:345,28,1,0
BRDA:350,29,0,0
BRDA:350,29,1,0
BRDA:350,29,2,0
BRDA:365,30,0,0
BRDA:365,30,1,0
BRDA:374,31,0,0
BRDA:374,31,1,0
BRDA:394,32,0,0
BRDA:394,32,1,0
BRDA:428,33,0,0
BRDA:428,33,1,0
BRF:66
BRH:0
end_of_record
TN:
SF:src/components/analytics/PageViewTracker.jsx
FN:9,(anonymous_0)
FN:12,(anonymous_1)
FNF:2
FNH:0
FNDA:0,(anonymous_0)
FNDA:0,(anonymous_1)
DA:9,5
DA:10,0
DA:12,0
DA:14,0
DA:17,0
LF:5
LH:1
BRF:0
BRH:0
end_of_record
TN:
SF:src/components/auth/SocialLogin.jsx
FN:9,(anonymous_0)
FN:18,(anonymous_1)
FN:68,(anonymous_2)
FN:78,(anonymous_3)
FN:99,(anonymous_4)
FN:121,(anonymous_5)
FN:156,(anonymous_6)
FN:165,(anonymous_7)
FN:174,(anonymous_8)
FN:183,(anonymous_9)
FN:193,(anonymous_10)
FN:220,(anonymous_11)
FNF:12
FNH:3
FNDA:4,(anonymous_0)
FNDA:0,(anonymous_1)
FNDA:12,(anonymous_2)
FNDA:0,(anonymous_3)
FNDA:0,(anonymous_4)
FNDA:4,(anonymous_5)
FNDA:0,(anonymous_6)
FNDA:0,(anonymous_7)
FNDA:0,(anonymous_8)
FNDA:0,(anonymous_9)
FNDA:0,(anonymous_10)
FNDA:0,(anonymous_11)
DA:9,2
DA:16,4
DA:18,4
DA:19,0
DA:20,0
DA:21,0
DA:23,0
DA:25,0
DA:29,4
DA:68,4
DA:69,12
DA:70,12
DA:72,12
DA:74,12
DA:75,0
DA:78,0
DA:96,12
DA:99,0
DA:121,4
DA:122,4
DA:124,4
DA:138,4
DA:156,2
DA:157,0
DA:165,2
DA:166,0
DA:174,2
DA:175,0
DA:183,2
DA:184,0
DA:193,2
DA:194,0
DA:220,2
DA:221,0
DA:238,2
LF:35
LH:21
BRDA:11,0,0,4
BRDA:12,1,0,4
BRDA:13,2,0,4
BRDA:14,3,0,4
BRDA:70,4,0,0
BRDA:70,4,1,12
BRDA:74,5,0,0
BRDA:74,5,1,12
BRDA:87,6,0,0
BRDA:87,6,1,0
BRDA:109,7,0,0
BRDA:109,7,1,12
BRDA:122,8,0,0
BRDA:122,8,1,4
BRDA:140,9,0,0
BRDA:140,9,1,4
BRF:16
BRH:9
end_of_record
TN:
SF:src/components/collaboration/CollaborativeEditor.jsx
FN:17,(anonymous_0)
FN:55,(anonymous_1)
FN:65,(anonymous_2)
FN:72,(anonymous_3)
FN:85,(anonymous_4)
FN:92,(anonymous_5)
FN:102,(anonymous_6)
FN:104,(anonymous_7)
FN:112,(anonymous_8)
FN:114,(anonymous_9)
FN:122,(anonymous_10)
FN:142,(anonymous_11)
FN:153,(anonymous_12)
FN:160,(anonymous_13)
FN:167,(anonymous_14)
FN:178,(anonymous_15)
FN:188,(anonymous_16)
FN:200,(anonymous_17)
FN:208,(anonymous_18)
FN:212,(anonymous_19)
FN:214,(anonymous_20)
FN:243,(anonymous_21)
FN:261,(anonymous_22)
FN:309,(anonymous_23)
FN:310,(anonymous_24)
FN:352,(anonymous_25)
FN:359,(anonymous_26)
FN:399,(anonymous_27)
FN:407,(anonymous_28)
FN:443,(anonymous_29)
FNF:30
FNH:0
FNDA:0,(anonymous_0)
FNDA:0,(anonymous_1)
FNDA:0,(anonymous_2)
FNDA:0,(anonymous_3)
FNDA:0,(anonymous_4)
FNDA:0,(anonymous_5)
FNDA:0,(anonymous_6)
FNDA:0,(anonymous_7)
FNDA:0,(anonymous_8)
FNDA:0,(anonymous_9)
FNDA:0,(anonymous_10)
FNDA:0,(anonymous_11)
FNDA:0,(anonymous_12)
FNDA:0,(anonymous_13)
FNDA:0,(anonymous_14)
FNDA:0,(anonymous_15)
FNDA:0,(anonymous_16)
FNDA:0,(anonymous_17)
FNDA:0,(anonymous_18)
FNDA:0,(anonymous_19)
FNDA:0,(anonymous_20)
FNDA:0,(anonymous_21)
FNDA:0,(anonymous_22)
FNDA:0,(anonymous_23)
FNDA:0,(anonymous_24)
FNDA:0,(anonymous_25)
FNDA:0,(anonymous_26)
FNDA:0,(anonymous_27)
FNDA:0,(anonymous_28)
FNDA:0,(anonymous_29)
DA:17,0
DA:24,0
DA:38,0
DA:40,0
DA:41,0
DA:42,0
DA:43,0
DA:44,0
DA:45,0
DA:46,0
DA:47,0
DA:48,0
DA:50,0
DA:51,0
DA:52,0
DA:55,0
DA:56,0
DA:57,0
DA:63,0
DA:65,0
DA:66,0
DA:72,0
DA:73,0
DA:74,0
DA:75,0
DA:76,0
DA:78,0
DA:79,0
DA:85,0
DA:86,0
DA:87,0
DA:92,0
DA:93,0
DA:94,0
DA:95,0
DA:96,0
DA:102,0
DA:103,0
DA:104,0
DA:112,0
DA:113,0
DA:114,0
DA:122,0
DA:123,0
DA:126,0
DA:127,0
DA:131,0
DA:132,0
DA:133,0
DA:137,0
DA:138,0
DA:142,0
DA:143,0
DA:144,0
DA:147,0
DA:148,0
DA:153,0
DA:154,0
DA:155,0
DA:160,0
DA:161,0
DA:162,0
DA:167,0
DA:168,0
DA:169,0
DA:172,0
DA:173,0
DA:178,0
DA:179,0
DA:181,0
DA:182,0
DA:183,0
DA:188,0
DA:189,0
DA:200,0
DA:201,0
DA:204,0
DA:208,0
DA:209,0
DA:210,0
DA:212,0
DA:213,0
DA:215,0
DA:219,0
DA:243,0
DA:261,0
DA:310,0
DA:311,0
DA:313,0
DA:352,0
DA:360,0
DA:399,0
DA:408,0
DA:443,0
LF:94
LH:0
BRDA:18,0,0,0
BRDA:19,1,0,0
BRDA:56,2,0,0
BRDA:56,2,1,0
BRDA:56,3,0,0
BRDA:56,3,1,0
BRDA:73,4,0,0
BRDA:73,4,1,0
BRDA:74,5,0,0
BRDA:74,5,1,0
BRDA:75,6,0,0
BRDA:75,6,1,0
BRDA:76,7,0,0
BRDA:76,7,1,0
BRDA:78,8,0,0
BRDA:78,8,1,0
BRDA:78,9,0,0
BRDA:78,9,1,0
BRDA:86,10,0,0
BRDA:86,10,1,0
BRDA:93,11,0,0
BRDA:93,11,1,0
BRDA:95,12,0,0
BRDA:95,12,1,0
BRDA:103,13,0,0
BRDA:103,13,1,0
BRDA:113,14,0,0
BRDA:113,14,1,0
BRDA:126,15,0,0
BRDA:126,15,1,0
BRDA:126,16,0,0
BRDA:126,16,1,0
BRDA:131,17,0,0
BRDA:131,17,1,0
BRDA:137,18,0,0
BRDA:137,18,1,0
BRDA:147,19,0,0
BRDA:147,19,1,0
BRDA:154,20,0,0
BRDA:154,20,1,0
BRDA:154,21,0,0
BRDA:154,21,1,0
BRDA:161,22,0,0
BRDA:161,22,1,0
BRDA:161,23,0,0
BRDA:161,23,1,0
BRDA:168,24,0,0
BRDA:168,24,1,0
BRDA:168,25,0,0
BRDA:168,25,1,0
BRDA:172,26,0,0
BRDA:172,26,1,0
BRDA:181,27,0,0
BRDA:181,27,1,0
BRDA:181,28,0,0
BRDA:181,28,1,0
BRDA:225,29,0,0
BRDA:225,29,1,0
BRDA:227,30,0,0
BRDA:227,30,1,0
BRDA:231,31,0,0
BRDA:231,31,1,0
BRDA:263,32,0,0
BRDA:263,32,1,0
BRDA:266,33,0,0
BRDA:266,33,1,0
BRDA:311,34,0,0
BRDA:311,34,1,0
BRDA:311,35,0,0
BRDA:311,35,1,0
BRDA:321,36,0,0
BRDA:321,36,1,0
BRDA:322,37,0,0
BRDA:322,37,1,0
BRDA:338,38,0,0
BRDA:338,38,1,0
BRDA:367,39,0,0
BRDA:367,39,1,0
BRDA:372,40,0,0
BRDA:372,40,1,0
BRDA:385,41,0,0
BRDA:385,41,1,0
BRDA:410,42,0,0
BRDA:410,42,1,0
BRDA:414,43,0,0
BRDA:414,43,1,0
BRDA:419,44,0,0
BRDA:419,44,1,0
BRDA:426,45,0,0
BRDA:426,45,1,0
BRF:90
BRH:0
end_of_record
TN:
SF:src/components/community/CommunityFeatures.jsx
FN:10,(anonymous_0)
FN:55,(anonymous_1)
FN:58,(anonymous_2)
FN:86,(anonymous_3)
FN:126,(anonymous_4)
FN:156,(anonymous_5)
FN:177,(anonymous_6)
FN:219,(anonymous_7)
FN:259,(anonymous_8)
FN:304,(anonymous_9)
FN:308,(anonymous_10)
FN:335,(anonymous_11)
FN:373,(anonymous_12)
FNF:13
FNH:0
FNDA:0,(anonymous_0)
FNDA:0,(anonymous_1)
FNDA:0,(anonymous_2)
FNDA:0,(anonymous_3)
FNDA:0,(anonymous_4)
FNDA:0,(anonymous_5)
FNDA:0,(anonymous_6)
FNDA:0,(anonymous_7)
FNDA:0,(anonymous_8)
FNDA:0,(anonymous_9)
FNDA:0,(anonymous_10)
FNDA:0,(anonymous_11)
FNDA:0,(anonymous_12)
DA:10,0
DA:11,0
DA:13,0
DA:20,0
DA:56,0
DA:58,0
DA:86,0
DA:87,0
DA:116,0
DA:127,0
DA:157,0
DA:177,0
DA:178,0
DA:209,0
DA:220,0
DA:259,0
DA:260,0
DA:287,0
DA:305,0
DA:309,0
DA:335,0
DA:336,0
DA:363,0
DA:374,0
DA:415,0
LF:25
LH:0
BRDA:10,0,0,0
BRDA:61,1,0,0
BRDA:61,1,1,0
BRDA:76,2,0,0
BRDA:76,2,1,0
BRDA:77,3,0,0
BRDA:77,3,1,0
BRDA:78,4,0,0
BRDA:78,4,1,0
BRDA:79,5,0,0
BRDA:79,5,1,0
BRDA:131,6,0,0
BRDA:131,6,1,0
BRDA:137,7,0,0
BRDA:137,7,1,0
BRDA:222,8,0,0
BRDA:222,8,1,0
BRDA:381,9,0,0
BRDA:381,9,1,0
BRDA:382,10,0,0
BRDA:382,10,1,0
BRF:21
BRH:0
end_of_record
TN:
SF:src/components/dashboard/AchievementSystem.jsx
FN:30,(anonymous_0)
FN:40,(anonymous_1)
FN:140,(anonymous_2)
FN:144,(anonymous_3)
FN:151,(anonymous_4)
FN:155,(anonymous_5)
FN:181,(anonymous_6)
FN:188,(anonymous_7)
FN:204,(anonymous_8)
FN:209,(anonymous_9)
FN:210,(anonymous_10)
FN:211,(anonymous_11)
FN:212,(anonymous_12)
FN:284,(anonymous_13)
FN:291,(anonymous_14)
FN:297,(anonymous_15)
FN:307,(anonymous_16)
FN:346,(anonymous_17)
FNF:18
FNH:0
FNDA:0,(anonymous_0)
FNDA:0,(anonymous_1)
FNDA:0,(anonymous_2)
FNDA:0,(anonymous_3)
FNDA:0,(anonymous_4)
FNDA:0,(anonymous_5)
FNDA:0,(anonymous_6)
FNDA:0,(anonymous_7)
FNDA:0,(anonymous_8)
FNDA:0,(anonymous_9)
FNDA:0,(anonymous_10)
FNDA:0,(anonymous_11)
FNDA:0,(anonymous_12)
FNDA:0,(anonymous_13)
FNDA:0,(anonymous_14)
FNDA:0,(anonymous_15)
FNDA:0,(anonymous_16)
FNDA:0,(anonymous_17)
DA:30,0
DA:31,0
DA:32,0
DA:33,0
DA:34,0
DA:35,0
DA:36,0
DA:37,0
DA:40,0
DA:41,0
DA:135,0
DA:136,0
DA:140,0
DA:141,0
DA:143,0
DA:144,0
DA:145,0
DA:150,0
DA:151,0
DA:154,0
DA:155,0
DA:158,0
DA:161,0
DA:173,0
DA:181,0
DA:182,0
DA:183,0
DA:184,0
DA:188,0
DA:190,0
DA:191,0
DA:192,0
DA:199,0
DA:204,0
DA:205,0
DA:206,0
DA:208,0
DA:209,0
DA:210,0
DA:211,0
DA:212,0
DA:215,0
DA:284,0
DA:291,0
DA:297,0
DA:308,0
DA:346,0
LF:47
LH:0
BRDA:30,0,0,0
BRDA:143,1,0,0
BRDA:143,1,1,0
BRDA:145,2,0,0
BRDA:145,2,1,0
BRDA:150,3,0,0
BRDA:150,3,1,0
BRDA:154,4,0,0
BRDA:154,4,1,0
BRDA:182,5,0,0
BRDA:182,5,1,0
BRDA:191,6,0,0
BRDA:191,6,1,0
BRDA:209,7,0,0
BRDA:209,7,1,0
BRDA:210,8,0,0
BRDA:210,8,1,0
BRDA:211,9,0,0
BRDA:211,9,1,0
BRDA:212,10,0,0
BRDA:212,10,1,0
BRDA:329,11,0,0
BRDA:329,11,1,0
BRF:23
BRH:0
end_of_record
TN:
SF:src/components/dashboard/EnhancedDashboard.jsx
FN:33,(anonymous_0)
FN:41,(anonymous_1)
FN:42,(anonymous_2)
FN:51,(anonymous_3)
FN:216,(anonymous_4)
FN:374,(anonymous_5)
FN:425,(anonymous_6)
FN:468,(anonymous_7)
FN:487,(anonymous_8)
FN:488,(anonymous_9)
FN:567,(anonymous_10)
FN:568,(anonymous_11)
FN:578,(anonymous_12)
FN:596,(anonymous_13)
FNF:14
FNH:14
FNDA:99,(anonymous_0)
FNDA:41,(anonymous_1)
FNDA:41,(anonymous_2)
FNDA:150,(anonymous_3)
FNDA:240,(anonymous_4)
FNDA:146,(anonymous_5)
FNDA:111,(anonymous_6)
FNDA:75,(anonymous_7)
FNDA:146,(anonymous_8)
FNDA:146,(anonymous_9)
FNDA:75,(anonymous_10)
FNDA:75,(anonymous_11)
FNDA:50,(anonymous_12)
FNDA:75,(anonymous_13)
DA:33,3
DA:34,99
DA:35,98
DA:36,97
DA:37,97
DA:38,97
DA:39,97
DA:41,97
DA:42,41
DA:43,41
DA:45,41
DA:49,28
DA:50,28
DA:51,150
DA:60,27
DA:64,27
DA:78,27
DA:109,27
DA:149,13
DA:151,13
DA:163,13
DA:164,13
DA:165,13
DA:167,40
DA:171,41
DA:174,97
DA:211,97
DA:212,60
DA:217,240
DA:230,37
DA:375,146
DA:426,111
DA:469,75
DA:487,3
DA:488,146
DA:489,146
DA:495,146
DA:498,146
DA:499,146
DA:501,146
DA:567,3
DA:568,75
DA:569,75
DA:575,75
DA:578,75
DA:579,50
DA:585,50
DA:588,75
DA:597,75
DA:598,75
LF:50
LH:50
BRDA:49,0,0,28
BRDA:49,0,1,0
BRDA:53,1,0,150
BRDA:53,1,1,0
BRDA:55,2,0,150
BRDA:55,2,1,0
BRDA:56,3,0,150
BRDA:56,3,1,0
BRDA:58,4,0,150
BRDA:58,4,1,0
BRDA:211,5,0,60
BRDA:211,5,1,37
BRDA:236,6,0,37
BRDA:236,6,1,9
BRDA:298,7,0,37
BRDA:298,7,1,12
BRDA:299,8,0,37
BRDA:299,8,1,0
BRDA:495,9,0,146
BRDA:495,9,1,0
BRDA:498,10,0,146
BRDA:498,10,1,0
BRDA:499,11,0,146
BRDA:499,11,1,0
BRDA:514,12,0,123
BRDA:514,12,1,23
BRDA:515,13,0,23
BRDA:515,13,1,0
BRDA:520,14,0,146
BRDA:520,14,1,146
BRDA:536,15,0,145
BRDA:536,15,1,1
BRDA:541,16,0,146
BRDA:541,16,1,145
BRDA:555,17,0,145
BRDA:555,17,1,0
BRDA:575,18,0,75
BRDA:575,18,1,0
BRDA:585,19,0,50
BRDA:585,19,1,0
BRDA:589,20,0,50
BRDA:589,20,1,25
BRDA:594,21,0,50
BRDA:594,21,1,25
BRDA:598,22,0,50
BRDA:598,22,1,25
BRDA:605,23,0,50
BRDA:605,23,1,25
BRDA:609,24,0,75
BRDA:609,24,1,75
BRDA:609,24,2,50
BRDA:620,25,0,75
BRDA:620,25,1,50
BRDA:620,25,2,50
BRDA:626,26,0,75
BRDA:626,26,1,25
BRDA:626,26,2,25
BRF:57
BRH:44
end_of_record
TN:
SF:src/components/dashboard/ProgressVisualization.jsx
FN:21,(anonymous_0)
FN:122,(anonymous_1)
FN:134,(anonymous_2)
FN:275,(anonymous_3)
FN:338,(anonymous_4)
FNF:5
FNH:2
FNDA:78,(anonymous_0)
FNDA:0,(anonymous_1)
FNDA:0,(anonymous_2)
FNDA:546,(anonymous_3)
FNDA:0,(anonymous_4)
DA:21,1
DA:22,78
DA:23,78
DA:26,78
DA:122,78
DA:123,0
DA:124,0
DA:130,0
DA:134,78
DA:136,0
DA:137,0
DA:140,78
DA:275,546
DA:338,0
LF:14
LH:8
BRDA:123,0,0,0
BRDA:123,0,1,0
BRDA:150,1,0,78
BRDA:150,1,1,14
BRDA:151,2,0,78
BRDA:151,2,1,12
BRDA:158,3,0,78
BRDA:158,3,1,6
BRDA:159,4,0,78
BRDA:159,4,1,6
BRDA:160,5,0,78
BRDA:160,5,1,4
BRF:12
BRH:10
end_of_record
TN:
SF:src/components/editor/CodeEditor/CodeEditor.js
FN:6,(anonymous_0)
FN:18,(anonymous_1)
FN:47,(anonymous_2)
FN:53,(anonymous_3)
FN:55,(anonymous_4)
FNF:5
FNH:0
FNDA:0,(anonymous_0)
FNDA:0,(anonymous_1)
FNDA:0,(anonymous_2)
FNDA:0,(anonymous_3)
FNDA:0,(anonymous_4)
DA:6,0
DA:15,0
DA:16,0
DA:18,0
DA:19,0
DA:20,0
DA:23,0
DA:44,0
DA:47,0
DA:48,0
DA:49,0
DA:53,0
DA:54,0
DA:55,0
DA:61,0
DA:65,0
LF:16
LH:0
BRDA:7,0,0,0
BRDA:8,1,0,0
BRDA:9,2,0,0
BRDA:12,3,0,0
BRDA:13,4,0,0
BRDA:48,5,0,0
BRDA:48,5,1,0
BRDA:54,6,0,0
BRDA:54,6,1,0
BRDA:67,7,0,0
BRDA:67,7,1,0
BRF:11
BRH:0
end_of_record
TN:
SF:src/components/editor/OutputPanel/OutputPanel.js
FN:5,(anonymous_0)
FNF:1
FNH:0
FNDA:0,(anonymous_0)
DA:5,0
DA:13,0
DA:14,0
DA:16,0
LF:4
LH:0
BRDA:8,0,0,0
BRDA:9,1,0,0
BRDA:10,2,0,0
BRDA:11,3,0,0
BRDA:13,4,0,0
BRDA:13,4,1,0
BRDA:14,5,0,0
BRDA:14,5,1,0
BRDA:20,6,0,0
BRDA:20,6,1,0
BRDA:26,7,0,0
BRDA:26,7,1,0
BRDA:26,7,2,0
BRDA:28,8,0,0
BRDA:28,8,1,0
BRDA:33,9,0,0
BRDA:33,9,1,0
BRDA:38,10,0,0
BRDA:38,10,1,0
BRDA:42,11,0,0
BRDA:42,11,1,0
BRF:21
BRH:0
end_of_record
TN:
SF:src/components/layout/Footer.jsx
FN:4,(anonymous_0)
FNF:1
FNH:0
FNDA:0,(anonymous_0)
DA:4,6
DA:5,0
DA:6,0
DA:8,0
LF:4
LH:1
BRDA:11,0,0,0
BRDA:11,0,1,0
BRDA:36,1,0,0
BRDA:36,1,1,0
BRDA:42,2,0,0
BRDA:42,2,1,0
BRDA:53,3,0,0
BRDA:53,3,1,0
BRF:8
BRH:0
end_of_record
TN:
SF:src/components/layout/Header.jsx
FN:30,(anonymous_0)
FN:45,(anonymous_1)
FN:51,(anonymous_2)
FN:52,(anonymous_3)
FN:56,(anonymous_4)
FN:62,(anonymous_5)
FN:70,(anonymous_6)
FN:86,(anonymous_7)
FN:88,(anonymous_8)
FN:98,(anonymous_9)
FN:107,(anonymous_10)
FN:156,(anonymous_11)
FN:157,(anonymous_12)
FN:158,(anonymous_13)
FN:158,(anonymous_14)
FN:167,(anonymous_15)
FN:186,(anonymous_16)
FN:192,(anonymous_17)
FN:271,(anonymous_18)
FN:273,(anonymous_19)
FN:314,(anonymous_20)
FN:319,(anonymous_21)
FN:390,(anonymous_22)
FN:405,(anonymous_23)
FN:423,(anonymous_24)
FNF:25
FNH:0
FNDA:0,(anonymous_0)
FNDA:0,(anonymous_1)
FNDA:0,(anonymous_2)
FNDA:0,(anonymous_3)
FNDA:0,(anonymous_4)
FNDA:0,(anonymous_5)
FNDA:0,(anonymous_6)
FNDA:0,(anonymous_7)
FNDA:0,(anonymous_8)
FNDA:0,(anonymous_9)
FNDA:0,(anonymous_10)
FNDA:0,(anonymous_11)
FNDA:0,(anonymous_12)
FNDA:0,(anonymous_13)
FNDA:0,(anonymous_14)
FNDA:0,(anonymous_15)
FNDA:0,(anonymous_16)
FNDA:0,(anonymous_17)
FNDA:0,(anonymous_18)
FNDA:0,(anonymous_19)
FNDA:0,(anonymous_20)
FNDA:0,(anonymous_21)
FNDA:0,(anonymous_22)
FNDA:0,(anonymous_23)
FNDA:0,(anonymous_24)
DA:30,7
DA:31,0
DA:32,0
DA:33,0
DA:34,0
DA:35,0
DA:36,0
DA:37,0
DA:42,0
DA:43,0
DA:45,0
DA:47,0
DA:48,0
DA:51,0
DA:52,0
DA:53,0
DA:54,0
DA:56,0
DA:59,0
DA:60,0
DA:62,0
DA:70,0
DA:78,0
DA:80,0
DA:83,0
DA:86,0
DA:87,0
DA:88,0
DA:89,0
DA:92,0
DA:94,0
DA:98,0
DA:99,0
DA:100,0
DA:102,0
DA:103,0
DA:107,0
DA:108,0
DA:109,0
DA:110,0
DA:111,0
DA:115,0
DA:156,0
DA:157,0
DA:158,0
DA:167,0
DA:187,0
DA:192,0
DA:272,0
DA:274,0
DA:315,0
DA:320,0
DA:321,0
DA:322,0
DA:391,0
DA:406,0
DA:424,0
LF:57
LH:1
BRDA:59,0,0,0
BRDA:59,0,1,0
BRDA:60,1,0,0
BRDA:60,1,1,0
BRDA:66,2,0,0
BRDA:66,2,1,0
BRDA:66,2,2,0
BRDA:74,3,0,0
BRDA:74,3,1,0
BRDA:87,4,0,0
BRDA:87,4,1,0
BRDA:89,5,0,0
BRDA:89,5,1,0
BRDA:100,6,0,0
BRDA:100,6,1,0
BRDA:110,7,0,0
BRDA:110,7,1,0
BRDA:116,8,0,0
BRDA:116,8,1,0
BRDA:145,9,0,0
BRDA:145,9,1,0
BRDA:146,10,0,0
BRDA:146,10,1,0
BRDA:162,11,0,0
BRDA:162,11,1,0
BRDA:178,12,0,0
BRDA:178,12,1,0
BRDA:178,12,2,0
BRDA:197,13,0,0
BRDA:197,13,1,0
BRDA:236,14,0,0
BRDA:236,14,1,0
BRDA:262,15,0,0
BRDA:262,15,1,0
BRDA:280,16,0,0
BRDA:280,16,1,0
BRDA:281,17,0,0
BRDA:281,17,1,0
BRDA:285,18,0,0
BRDA:285,18,1,0
BRDA:320,19,0,0
BRDA:320,19,1,0
BRDA:343,20,0,0
BRDA:343,20,1,0
BRDA:349,21,0,0
BRDA:349,21,1,0
BRDA:382,22,0,0
BRDA:382,22,1,0
BRDA:382,23,0,0
BRDA:382,23,1,0
BRDA:395,24,0,0
BRDA:395,24,1,0
BRDA:410,25,0,0
BRDA:410,25,1,0
BRDA:428,26,0,0
BRDA:428,26,1,0
BRF:56
BRH:0
end_of_record
TN:
SF:src/components/layout/Layout.jsx
FN:25,(anonymous_0)
FN:54,(anonymous_1)
FN:56,(anonymous_2)
FN:61,(anonymous_3)
FN:62,(anonymous_4)
FN:66,(anonymous_5)
FN:74,(anonymous_6)
FN:82,(anonymous_7)
FN:83,(anonymous_8)
FN:91,(anonymous_9)
FN:115,(anonymous_10)
FN:123,(anonymous_11)
FN:144,(anonymous_12)
FN:177,(anonymous_13)
FNF:14
FNH:0
FNDA:0,(anonymous_0)
FNDA:0,(anonymous_1)
FNDA:0,(anonymous_2)
FNDA:0,(anonymous_3)
FNDA:0,(anonymous_4)
FNDA:0,(anonymous_5)
FNDA:0,(anonymous_6)
FNDA:0,(anonymous_7)
FNDA:0,(anonymous_8)
FNDA:0,(anonymous_9)
FNDA:0,(anonymous_10)
FNDA:0,(anonymous_11)
FNDA:0,(anonymous_12)
FNDA:0,(anonymous_13)
DA:25,6
DA:26,0
DA:27,0
DA:28,0
DA:29,0
DA:30,0
DA:33,0
DA:49,0
DA:54,0
DA:56,0
DA:57,0
DA:61,0
DA:62,0
DA:66,0
DA:67,0
DA:68,0
DA:69,0
DA:70,0
DA:74,0
DA:75,0
DA:76,0
DA:77,0
DA:82,0
DA:83,0
DA:84,0
DA:85,0
DA:89,0
DA:90,0
DA:91,0
DA:95,0
DA:96,0
DA:99,0
DA:115,0
DA:123,0
DA:145,0
DA:177,0
LF:36
LH:1
BRDA:49,0,0,0
BRDA:49,0,1,0
BRDA:68,1,0,0
BRDA:68,1,1,0
BRDA:84,2,0,0
BRDA:84,2,1,0
BRDA:84,3,0,0
BRDA:84,3,1,0
BRDA:89,4,0,0
BRDA:89,4,1,0
BRDA:95,5,0,0
BRDA:95,5,1,0
BRDA:100,6,0,0
BRDA:100,6,1,0
BRDA:146,7,0,0
BRDA:146,7,1,0
BRDA:153,8,0,0
BRDA:153,8,1,0
BRDA:185,9,0,0
BRDA:185,9,1,0
BRDA:186,10,0,0
BRDA:186,10,1,0
BRDA:187,11,0,0
BRDA:187,11,1,0
BRF:24
BRH:0
end_of_record
TN:
SF:src/components/layout/MobileLayout.jsx
FN:16,(anonymous_0)
FN:26,(anonymous_1)
FN:27,(anonymous_2)
FN:35,(anonymous_3)
FN:41,(anonymous_4)
FN:42,(anonymous_5)
FN:47,(anonymous_6)
FN:51,(anonymous_7)
FN:57,(anonymous_8)
FN:64,(anonymous_9)
FN:65,(anonymous_10)
FN:73,(anonymous_11)
FN:83,(anonymous_12)
FN:102,(anonymous_13)
FN:121,(anonymous_14)
FN:208,(anonymous_15)
FN:216,(anonymous_16)
FN:247,(anonymous_17)
FN:253,(anonymous_18)
FN:261,(anonymous_19)
FNF:20
FNH:0
FNDA:0,(anonymous_0)
FNDA:0,(anonymous_1)
FNDA:0,(anonymous_2)
FNDA:0,(anonymous_3)
FNDA:0,(anonymous_4)
FNDA:0,(anonymous_5)
FNDA:0,(anonymous_6)
FNDA:0,(anonymous_7)
FNDA:0,(anonymous_8)
FNDA:0,(anonymous_9)
FNDA:0,(anonymous_10)
FNDA:0,(anonymous_11)
FNDA:0,(anonymous_12)
FNDA:0,(anonymous_13)
FNDA:0,(anonymous_14)
FNDA:0,(anonymous_15)
FNDA:0,(anonymous_16)
FNDA:0,(anonymous_17)
FNDA:0,(anonymous_18)
FNDA:0,(anonymous_19)
DA:16,0
DA:17,0
DA:18,0
DA:19,0
DA:20,0
DA:21,0
DA:22,0
DA:23,0
DA:26,0
DA:27,0
DA:28,0
DA:29,0
DA:30,0
DA:33,0
DA:35,0
DA:36,0
DA:41,0
DA:42,0
DA:43,0
DA:44,0
DA:47,0
DA:48,0
DA:49,0
DA:51,0
DA:54,0
DA:55,0
DA:57,0
DA:58,0
DA:59,0
DA:64,0
DA:65,0
DA:66,0
DA:68,0
DA:69,0
DA:72,0
DA:73,0
DA:74,0
DA:79,0
DA:83,0
DA:84,0
DA:86,0
DA:87,0
DA:88,0
DA:90,0
DA:91,0
DA:94,0
DA:95,0
DA:97,0
DA:102,0
DA:103,0
DA:104,0
DA:106,0
DA:107,0
DA:108,0
DA:109,0
DA:111,0
DA:112,0
DA:113,0
DA:120,0
DA:121,0
DA:124,0
DA:208,0
DA:216,0
DA:247,0
DA:253,0
DA:261,0
LF:66
LH:0
BRDA:66,0,0,0
BRDA:66,0,1,0
BRDA:72,1,0,0
BRDA:72,1,1,0
BRDA:72,2,0,0
BRDA:72,2,1,0
BRDA:84,3,0,0
BRDA:84,3,1,0
BRDA:90,4,0,0
BRDA:90,4,1,0
BRDA:106,5,0,0
BRDA:106,5,1,0
BRDA:108,6,0,0
BRDA:108,6,1,0
BRDA:111,7,0,0
BRDA:111,7,1,0
BRDA:138,8,0,0
BRDA:138,8,1,0
BRDA:147,9,0,0
BRDA:147,9,1,0
BRDA:152,10,0,0
BRDA:152,10,1,0
BRDA:184,11,0,0
BRDA:184,11,1,0
BRDA:229,12,0,0
BRDA:229,12,1,0
BRDA:273,13,0,0
BRDA:273,13,1,0
BRDA:273,13,2,0
BRDA:288,14,0,0
BRDA:288,14,1,0
BRF:31
BRH:0
end_of_record
TN:
SF:src/components/layout/ResponsiveGrid.jsx
FN:5,(anonymous_0)
FN:16,(anonymous_1)
FN:22,(anonymous_2)
FN:67,(anonymous_3)
FN:84,(anonymous_4)
FN:94,(anonymous_5)
FN:104,(anonymous_6)
FN:114,(anonymous_7)
FN:125,(anonymous_8)
FN:138,(anonymous_9)
FN:144,(anonymous_10)
FN:192,(anonymous_11)
FN:209,(anonymous_12)
FN:218,(anonymous_13)
FN:229,(anonymous_14)
FN:253,(anonymous_15)
FN:261,(anonymous_16)
FNF:17
FNH:0
FNDA:0,(anonymous_0)
FNDA:0,(anonymous_1)
FNDA:0,(anonymous_2)
FNDA:0,(anonymous_3)
FNDA:0,(anonymous_4)
FNDA:0,(anonymous_5)
FNDA:0,(anonymous_6)
FNDA:0,(anonymous_7)
FNDA:0,(anonymous_8)
FNDA:0,(anonymous_9)
FNDA:0,(anonymous_10)
FNDA:0,(anonymous_11)
FNDA:0,(anonymous_12)
FNDA:0,(anonymous_13)
FNDA:0,(anonymous_14)
FNDA:0,(anonymous_15)
FNDA:0,(anonymous_16)
DA:5,0
DA:14,0
DA:16,0
DA:17,0
DA:18,0
DA:19,0
DA:22,0
DA:23,0
DA:24,0
DA:25,0
DA:28,0
DA:35,0
DA:45,0
DA:58,0
DA:59,0
DA:68,0
DA:76,0
DA:84,0
DA:85,0
DA:94,0
DA:95,0
DA:104,0
DA:105,0
DA:114,0
DA:115,0
DA:125,0
DA:136,0
DA:138,0
DA:139,0
DA:140,0
DA:141,0
DA:144,0
DA:145,0
DA:146,0
DA:147,0
DA:150,0
DA:160,0
DA:170,0
DA:183,0
DA:184,0
DA:193,0
DA:201,0
DA:209,0
DA:216,0
DA:218,0
DA:219,0
DA:226,0
DA:229,0
DA:230,0
DA:232,0
DA:233,0
DA:234,0
DA:237,0
DA:245,0
DA:253,0
DA:259,0
DA:261,0
DA:262,0
DA:268,0
DA:271,0
DA:276,0
LF:61
LH:0
BRDA:7,0,0,0
BRDA:8,1,0,0
BRDA:9,2,0,0
BRDA:10,3,0,0
BRDA:11,4,0,0
BRDA:17,5,0,0
BRDA:17,5,1,0
BRDA:18,6,0,0
BRDA:18,6,1,0
BRDA:23,7,0,0
BRDA:23,7,1,0
BRDA:24,8,0,0
BRDA:24,8,1,0
BRDA:40,9,0,0
BRDA:40,9,1,0
BRDA:58,10,0,0
BRDA:58,10,1,0
BRDA:127,11,0,0
BRDA:128,12,0,0
BRDA:129,13,0,0
BRDA:130,14,0,0
BRDA:131,15,0,0
BRDA:132,16,0,0
BRDA:133,17,0,0
BRDA:139,18,0,0
BRDA:139,18,1,0
BRDA:140,19,0,0
BRDA:140,19,1,0
BRDA:145,20,0,0
BRDA:145,20,1,0
BRDA:146,21,0,0
BRDA:146,21,1,0
BRDA:156,22,0,0
BRDA:156,22,1,0
BRDA:165,23,0,0
BRDA:165,23,1,0
BRDA:183,24,0,0
BRDA:183,24,1,0
BRDA:211,25,0,0
BRDA:212,26,0,0
BRDA:213,27,0,0
BRDA:226,28,0,0
BRDA:226,28,1,0
BRDA:230,29,0,0
BRDA:230,29,1,0
BRDA:232,30,0,0
BRDA:232,30,1,0
BRDA:233,31,0,0
BRDA:233,31,1,0
BRDA:255,32,0,0
BRDA:256,33,0,0
BRDA:263,34,0,0
BRDA:263,34,1,0
BRDA:263,35,0,0
BRDA:263,35,1,0
BRDA:264,36,0,0
BRDA:264,36,1,0
BRDA:264,37,0,0
BRDA:264,37,1,0
BRDA:265,38,0,0
BRDA:265,38,1,0
BRDA:265,39,0,0
BRDA:265,39,1,0
BRDA:266,40,0,0
BRDA:266,40,1,0
BRDA:266,41,0,0
BRDA:266,41,1,0
BRDA:268,42,0,0
BRDA:268,42,1,0
BRF:69
BRH:0
end_of_record
TN:
SF:src/components/layout/ResponsiveLayout.jsx
FN:9,(anonymous_0)
FN:24,(anonymous_1)
FN:29,(anonymous_2)
FN:36,(anonymous_3)
FN:41,(anonymous_4)
FN:53,(anonymous_5)
FN:69,(anonymous_6)
FN:86,(anonymous_7)
FN:99,(anonymous_8)
FN:117,(anonymous_9)
FN:122,(anonymous_10)
FNF:11
FNH:3
FNDA:16,(anonymous_0)
FNDA:0,(anonymous_1)
FNDA:0,(anonymous_2)
FNDA:0,(anonymous_3)
FNDA:16,(anonymous_4)
FNDA:16,(anonymous_5)
FNDA:0,(anonymous_6)
FNDA:0,(anonymous_7)
FNDA:0,(anonymous_8)
FNDA:0,(anonymous_9)
FNDA:0,(anonymous_10)
DA:9,1
DA:19,16
DA:20,16
DA:21,16
DA:24,16
DA:25,0
DA:29,16
DA:30,0
DA:31,0
DA:33,0
DA:36,0
DA:37,0
DA:41,16
DA:42,16
DA:44,14
DA:45,0
DA:46,14
DA:47,0
DA:49,14
DA:53,16
DA:54,16
DA:56,14
DA:57,14
DA:59,0
DA:63,16
DA:86,0
DA:99,0
DA:118,0
DA:122,0
LF:29
LH:16
BRDA:12,0,0,16
BRDA:14,1,0,14
BRDA:15,2,0,16
BRDA:16,3,0,14
BRDA:17,4,0,14
BRDA:30,5,0,0
BRDA:30,5,1,0
BRDA:30,6,0,0
BRDA:30,6,1,0
BRDA:42,7,0,2
BRDA:42,7,1,14
BRDA:44,8,0,0
BRDA:44,8,1,14
BRDA:46,9,0,0
BRDA:46,9,1,14
BRDA:54,10,0,2
BRDA:54,10,1,14
BRDA:56,11,0,14
BRDA:56,11,1,0
BRDA:66,12,0,16
BRDA:66,12,1,0
BRDA:76,13,0,16
[...]
FNDA:0,(anonymous_1)
FNDA:0,(anonymous_2)
FNDA:0,(anonymous_3)
FNDA:0,(anonymous_4)
FNDA:0,(anonymous_5)
FNDA:0,(anonymous_6)
FNDA:0,(anonymous_7)
FNDA:0,(anonymous_8)
FNDA:0,(anonymous_9)
FNDA:0,(anonymous_10)
FNDA:0,(anonymous_11)
FNDA:0,(anonymous_12)
FNDA:0,(anonymous_13)
FNDA:0,(anonymous_14)
FNDA:0,(anonymous_15)
FNDA:0,(anonymous_16)
FNDA:0,(anonymous_17)
FNDA:0,(anonymous_18)
FNDA:0,(anonymous_19)
FNDA:0,(anonymous_20)
FNDA:0,(anonymous_21)
FNDA:0,(anonymous_22)
FNDA:0,(anonymous_23)
FNDA:0,(anonymous_24)
FNDA:0,(anonymous_25)
FNDA:0,(anonymous_26)
FNDA:0,(anonymous_27)
FNDA:0,(anonymous_28)
DA:7,5
DA:17,5
DA:18,5
DA:19,5
DA:21,5
DA:22,0
DA:28,0
DA:29,0
DA:31,0
DA:32,0
DA:33,0
DA:36,0
DA:37,0
DA:40,0
DA:41,0
DA:42,0
DA:45,0
DA:46,0
DA:49,0
DA:50,0
DA:51,0
DA:52,0
DA:54,0
DA:55,0
DA:58,0
DA:59,0
DA:60,0
DA:63,0
DA:64,0
DA:67,0
DA:68,0
DA:69,0
DA:70,0
DA:71,0
DA:74,0
DA:76,0
DA:77,0
DA:80,0
DA:85,0
DA:90,0
DA:91,0
DA:94,0
DA:95,0
DA:98,0
DA:99,0
DA:103,0
DA:104,0
DA:109,0
DA:116,0
DA:117,0
DA:121,0
DA:125,0
DA:126,0
DA:128,0
DA:129,0
DA:130,0
DA:135,0
DA:138,0
DA:141,0
DA:146,0
DA:153,0
DA:156,0
DA:157,0
DA:159,0
DA:160,0
DA:161,0
DA:162,0
DA:163,0
DA:166,0
DA:167,0
DA:168,0
DA:171,0
DA:172,0
DA:173,0
DA:176,0
DA:180,0
DA:181,0
DA:182,0
DA:184,0
DA:185,0
DA:189,0
DA:190,0
DA:197,0
DA:198,0
DA:207,0
DA:208,0
DA:217,0
DA:222,0
DA:226,0
DA:227,0
DA:228,0
DA:233,0
DA:237,0
DA:238,0
DA:239,0
DA:244,5
DA:247,5
DA:248,0
DA:251,5
DA:252,0
DA:255,5
DA:256,0
DA:259,5
DA:260,0
LF:104
LH:10
BRDA:21,0,0,0
BRDA:21,0,1,5
BRDA:28,1,0,0
BRDA:28,1,1,0
BRDA:70,2,0,0
BRDA:70,2,1,0
BRDA:103,3,0,0
BRDA:103,3,1,0
BRDA:116,4,0,0
BRDA:116,4,1,0
BRDA:126,5,0,0
BRDA:126,5,1,0
BRDA:128,6,0,0
BRDA:128,6,1,0
BRDA:129,7,0,0
BRDA:129,7,1,0
BRDA:146,8,0,0
BRDA:146,8,1,0
BRDA:180,9,0,0
BRDA:180,9,1,0
BRDA:184,10,0,0
BRDA:184,10,1,0
BRDA:197,11,0,0
BRDA:197,11,1,0
BRDA:207,12,0,0
BRDA:207,12,1,0
BRDA:207,13,0,0
BRDA:207,13,1,0
BRF:28
BRH:1
end_of_record
TN:
SF:src/utils/performanceOptimization.js
FN:11,(anonymous_0)
FN:26,(anonymous_1)
FN:38,(anonymous_2)
FN:40,(anonymous_3)
FN:55,(anonymous_4)
FN:57,(anonymous_5)
FN:59,(anonymous_6)
FN:73,(anonymous_7)
FN:76,(anonymous_8)
FN:78,(anonymous_9)
FN:95,(anonymous_10)
FN:97,(anonymous_11)
FN:99,(anonymous_12)
FN:115,(anonymous_13)
FN:117,(anonymous_14)
FN:119,(anonymous_15)
FN:135,(anonymous_16)
FN:136,(anonymous_17)
FN:145,(anonymous_18)
FN:155,(anonymous_19)
FN:157,(anonymous_20)
FN:163,(anonymous_21)
FN:170,(anonymous_22)
FN:177,(anonymous_23)
FN:178,(anonymous_24)
FN:187,(anonymous_25)
FN:203,(anonymous_26)
FN:223,(anonymous_27)
FN:235,(anonymous_28)
FN:251,(anonymous_29)
FN:258,(anonymous_30)
FN:267,(anonymous_31)
FN:276,(anonymous_32)
FN:282,(anonymous_33)
FN:290,(anonymous_34)
FN:300,(anonymous_35)
FN:310,(anonymous_36)
FN:312,(anonymous_37)
FN:313,(anonymous_38)
FN:327,(anonymous_39)
FN:336,(anonymous_40)
FN:338,(anonymous_41)
FN:346,(anonymous_42)
FN:357,(anonymous_43)
FN:358,(anonymous_44)
FN:371,(anonymous_45)
FN:382,(anonymous_46)
FN:403,(anonymous_47)
FN:418,(anonymous_48)
FN:429,(anonymous_49)
FN:433,(anonymous_50)
FN:445,(anonymous_51)
FN:446,(anonymous_52)
FN:454,(anonymous_53)
FN:466,(anonymous_54)
FN:477,(anonymous_55)
FN:484,(anonymous_56)
FN:509,(anonymous_57)
FN:511,(anonymous_58)
FN:513,(anonymous_59)
FN:531,(anonymous_60)
FN:532,(anonymous_61)
FN:543,(anonymous_62)
FN:555,(anonymous_63)
FN:567,(anonymous_64)
FN:580,(anonymous_65)
FN:599,(anonymous_66)
FN:601,(anonymous_67)
FN:604,(anonymous_68)
FN:621,(anonymous_69)
FN:623,(anonymous_70)
FN:628,(anonymous_71)
FN:638,(anonymous_72)
FN:641,(anonymous_73)
FN:642,(anonymous_74)
FN:651,(anonymous_75)
FN:661,(anonymous_76)
FNF:77
FNH:37
FNDA:9,(anonymous_0)
FNDA:1,(anonymous_1)
FNDA:1,(anonymous_2)
FNDA:0,(anonymous_3)
FNDA:0,(anonymous_4)
FNDA:0,(anonymous_5)
FNDA:0,(anonymous_6)
FNDA:0,(anonymous_7)
FNDA:0,(anonymous_8)
FNDA:0,(anonymous_9)
FNDA:0,(anonymous_10)
FNDA:0,(anonymous_11)
FNDA:0,(anonymous_12)
FNDA:0,(anonymous_13)
FNDA:0,(anonymous_14)
FNDA:0,(anonymous_15)
FNDA:0,(anonymous_16)
FNDA:0,(anonymous_17)
FNDA:0,(anonymous_18)
FNDA:1,(anonymous_19)
FNDA:1,(anonymous_20)
FNDA:2,(anonymous_21)
FNDA:1,(anonymous_22)
FNDA:20,(anonymous_23)
FNDA:0,(anonymous_24)
FNDA:10,(anonymous_25)
FNDA:13,(anonymous_26)
FNDA:7,(anonymous_27)
FNDA:0,(anonymous_28)
FNDA:2,(anonymous_29)
FNDA:1,(anonymous_30)
FNDA:9,(anonymous_31)
FNDA:0,(anonymous_32)
FNDA:0,(anonymous_33)
FNDA:1,(anonymous_34)
FNDA:0,(anonymous_35)
FNDA:2,(anonymous_36)
FNDA:0,(anonymous_37)
FNDA:0,(anonymous_38)
FNDA:3,(anonymous_39)
FNDA:0,(anonymous_40)
FNDA:0,(anonymous_41)
FNDA:0,(anonymous_42)
FNDA:1,(anonymous_43)
FNDA:2,(anonymous_44)
FNDA:9,(anonymous_45)
FNDA:2,(anonymous_46)
FNDA:2,(anonymous_47)
FNDA:1,(anonymous_48)
FNDA:1,(anonymous_49)
FNDA:3,(anonymous_50)
FNDA:0,(anonymous_51)
FNDA:0,(anonymous_52)
FNDA:20,(anonymous_53)
FNDA:6,(anonymous_54)
FNDA:2,(anonymous_55)
FNDA:0,(anonymous_56)
FNDA:0,(anonymous_57)
FNDA:0,(anonymous_58)
FNDA:0,(anonymous_59)
FNDA:0,(anonymous_60)
FNDA:0,(anonymous_61)
FNDA:0,(anonymous_62)
FNDA:1,(anonymous_63)
FNDA:0,(anonymous_64)
FNDA:2,(anonymous_65)
FNDA:1,(anonymous_66)
FNDA:1,(anonymous_67)
FNDA:2,(anonymous_68)
FNDA:1,(anonymous_69)
FNDA:1,(anonymous_70)
FNDA:1,(anonymous_71)
FNDA:0,(anonymous_72)
FNDA:0,(anonymous_73)
FNDA:0,(anonymous_74)
FNDA:0,(anonymous_75)
FNDA:20,(anonymous_76)
DA:12,9
DA:19,9
DA:20,9
DA:27,1
DA:28,0
DA:29,0
DA:30,0
DA:31,0
DA:32,0
DA:39,1
DA:40,1
DA:41,0
DA:42,0
DA:43,0
DA:44,0
DA:47,1
DA:48,0
DA:56,0
DA:57,0
DA:58,0
DA:59,0
DA:60,0
DA:61,0
DA:65,0
DA:66,0
DA:74,0
DA:75,0
DA:76,0
DA:77,0
DA:78,0
DA:79,0
DA:80,0
DA:83,0
DA:84,0
DA:87,0
DA:88,0
DA:96,0
DA:97,0
DA:98,0
DA:99,0
DA:100,0
DA:101,0
DA:102,0
DA:107,0
DA:108,0
DA:116,0
DA:117,0
DA:118,0
DA:119,0
DA:120,0
DA:121,0
DA:122,0
DA:127,0
DA:128,0
DA:136,0
DA:137,0
DA:138,0
DA:139,0
DA:145,0
DA:146,0
DA:156,1
DA:157,1
DA:164,2
DA:171,1
DA:178,20
DA:179,20
DA:188,10
DA:197,10
DA:204,13
DA:205,13
DA:206,7
DA:213,7
DA:214,7
DA:215,7
DA:217,6
DA:224,7
DA:227,7
DA:228,0
DA:238,0
DA:239,0
DA:252,2
DA:259,1
DA:268,9
DA:269,9
DA:270,9
DA:277,0
DA:282,0
DA:283,0
DA:291,1
DA:293,1
DA:294,1
DA:295,1
DA:296,1
DA:297,1
DA:298,1
DA:300,1
DA:301,0
DA:304,1
DA:311,2
DA:312,2
DA:313,0
DA:314,0
DA:315,0
DA:316,0
DA:317,0
DA:318,0
DA:319,0
DA:327,2
DA:328,3
DA:337,0
DA:338,0
DA:340,0
DA:341,0
DA:345,0
DA:346,0
DA:347,0
DA:348,0
DA:358,1
DA:359,2
DA:360,2
DA:361,2
DA:362,2
DA:372,9
DA:373,9
DA:383,2
DA:384,2
DA:385,2
DA:392,2
DA:393,2
DA:395,2
DA:397,0
DA:404,2
DA:406,2
DA:407,0
DA:408,0
DA:409,2
DA:410,1
DA:411,1
DA:420,1
DA:422,0
DA:430,1
DA:432,1
DA:433,1
DA:434,3
DA:435,2
DA:436,2
DA:439,1
DA:446,0
DA:447,0
DA:455,20
DA:456,0
DA:457,0
DA:467,6
DA:468,6
DA:469,6
DA:470,6
DA:471,6
DA:478,2
DA:481,2
DA:484,1
DA:485,0
DA:489,1
DA:490,1
DA:491,0
DA:494,0
DA:497,0
DA:500,0
DA:502,0
DA:503,0
DA:510,0
DA:511,0
DA:512,0
DA:513,0
DA:514,0
DA:515,0
DA:524,0
DA:532,0
DA:533,0
DA:543,0
DA:544,0
DA:556,1
DA:558,1
DA:568,0
DA:581,2
DA:583,1
DA:584,1
DA:586,1
DA:587,1
DA:589,0
DA:590,0
DA:592,0
DA:601,1
DA:602,1
DA:604,1
DA:605,2
DA:606,2
DA:608,1
DA:613,1
DA:614,1
DA:623,1
DA:624,1
DA:628,1
DA:629,1
DA:630,1
DA:640,0
DA:641,0
DA:642,0
DA:643,0
DA:644,0
DA:651,0
DA:652,0
DA:653,0
DA:662,20
DA:663,20
DA:664,20
DA:669,6
LF:216
LH:103
BRDA:39,0,0,1
BRDA:39,0,1,0
BRDA:56,1,0,0
BRDA:56,1,1,0
BRDA:74,2,0,0
BRDA:74,2,1,0
BRDA:79,3,0,0
BRDA:79,3,1,0
BRDA:96,4,0,0
BRDA:96,4,1,0
BRDA:100,5,0,0
BRDA:100,5,1,0
BRDA:116,6,0,0
BRDA:116,6,1,0
BRDA:120,7,0,0
BRDA:120,7,1,0
BRDA:138,8,0,0
BRDA:138,8,1,0
BRDA:205,9,0,7
BRDA:205,9,1,6
BRDA:205,10,0,13
BRDA:205,10,1,13
BRDA:227,11,0,0
BRDA:227,11,1,7
BRDA:238,12,0,0
BRDA:238,12,1,0
BRDA:291,13,0,0
BRDA:291,13,1,1
BRDA:297,14,0,1
BRDA:297,14,1,0
BRDA:298,15,0,1
BRDA:298,15,1,0
BRDA:311,16,0,2
BRDA:311,16,1,0
BRDA:314,17,0,0
BRDA:314,17,1,0
BRDA:316,18,0,0
BRDA:316,18,1,0
BRDA:340,19,0,0
BRDA:340,19,1,0
BRDA:345,20,0,0
BRDA:345,20,1,0
BRDA:345,21,0,0
BRDA:345,21,1,0
BRDA:383,22,0,2
BRDA:383,22,1,0
BRDA:406,23,0,0
BRDA:406,23,1,2
BRDA:409,24,0,1
BRDA:409,24,1,1
BRDA:420,25,0,0
BRDA:420,25,1,1
BRDA:430,26,0,0
BRDA:430,26,1,1
BRDA:434,27,0,1
BRDA:434,27,1,2
BRDA:445,28,0,0
BRDA:455,29,0,0
BRDA:455,29,1,20
BRDA:478,30,0,0
BRDA:478,30,1,2
BRDA:510,31,0,0
BRDA:510,31,1,0
BRDA:514,32,0,0
BRDA:514,32,1,0
BRDA:546,33,0,0
BRDA:546,33,1,0
BRDA:558,34,0,0
BRDA:558,34,1,1
BRDA:581,35,0,1
BRDA:581,35,1,1
BRDA:581,35,2,0
BRDA:581,35,3,0
BRDA:602,36,0,1
BRDA:602,36,1,0
BRDA:613,37,0,1
BRDA:613,37,1,0
BRDA:629,38,0,1
BRDA:629,38,1,0
BRDA:640,39,0,0
BRDA:640,39,1,0
BRDA:643,40,0,0
BRDA:643,40,1,0
BRDA:643,41,0,0
BRDA:643,41,1,0
BRDA:652,42,0,0
BRDA:652,42,1,0
BRF:87
BRH:26
end_of_record
TN:
SF:src/utils/seo.js
FN:44,(anonymous_0)
FN:108,(anonymous_1)
FN:149,(anonymous_2)
FN:327,(anonymous_3)
FN:361,(anonymous_4)
FN:388,(anonymous_5)
FN:422,(anonymous_6)
FN:427,(anonymous_7)
FN:434,(anonymous_8)
FN:444,(anonymous_9)
FN:445,(anonymous_10)
FN:456,(anonymous_11)
FN:473,(anonymous_12)
FNF:13
FNH:0
FNDA:0,(anonymous_0)
FNDA:0,(anonymous_1)
FNDA:0,(anonymous_2)
FNDA:0,(anonymous_3)
FNDA:0,(anonymous_4)
FNDA:0,(anonymous_5)
FNDA:0,(anonymous_6)
FNDA:0,(anonymous_7)
FNDA:0,(anonymous_8)
FNDA:0,(anonymous_9)
FNDA:0,(anonymous_10)
FNDA:0,(anonymous_11)
FNDA:0,(anonymous_12)
DA:8,5
DA:44,5
DA:55,0
DA:56,0
DA:57,0
DA:58,0
DA:59,0
DA:61,0
DA:108,5
DA:109,0
DA:112,0
DA:132,0
DA:145,0
DA:146,0
DA:149,0
DA:159,0
DA:160,0
DA:179,0
DA:180,0
DA:203,0
DA:207,5
DA:327,5
DA:328,0
DA:329,0
DA:331,0
DA:361,5
DA:362,0
DA:364,0
DA:388,5
DA:389,0
DA:390,0
DA:392,0
DA:422,5
DA:423,0
DA:426,0
DA:427,0
DA:428,0
DA:429,0
DA:434,0
DA:435,0
DA:436,0
DA:437,0
DA:438,0
DA:439,0
DA:444,5
DA:445,0
DA:446,0
DA:447,0
DA:448,0
DA:449,0
DA:450,0
DA:451,0
DA:456,5
DA:457,0
DA:458,0
DA:473,0
LF:56
LH:10
BRDA:12,0,0,5
BRDA:12,0,1,5
BRDA:47,1,0,0
BRDA:50,2,0,0
BRDA:51,3,0,0
BRDA:52,4,0,0
BRDA:53,5,0,0
BRDA:55,6,0,0
BRDA:55,6,1,0
BRDA:56,7,0,0
BRDA:56,7,1,0
BRDA:57,8,0,0
BRDA:57,8,1,0
BRDA:58,9,0,0
BRDA:58,9,1,0
BRDA:145,10,0,0
BRDA:145,10,1,0
BRDA:145,11,0,0
BRDA:145,11,1,0
BRDA:159,12,0,0
BRDA:159,12,1,0
BRDA:170,13,0,0
BRDA:170,13,1,0
BRDA:172,14,0,0
BRDA:172,14,1,0
BRDA:173,15,0,0
BRDA:173,15,1,0
BRDA:174,16,0,0
BRDA:174,16,1,0
BRDA:179,17,0,0
BRDA:179,17,1,0
BRDA:198,18,0,0
BRDA:198,18,1,0
BRDA:199,19,0,0
BRDA:199,19,1,0
BRDA:328,20,0,0
BRDA:328,20,1,0
BRDA:329,21,0,0
BRDA:329,21,1,0
BRDA:333,22,0,0
BRDA:333,22,1,0
BRDA:341,23,0,0
BRDA:341,23,1,0
BRDA:343,24,0,0
BRDA:343,24,1,0
BRDA:355,25,0,0
BRDA:355,25,1,0
BRDA:362,26,0,0
BRDA:362,26,1,0
BRDA:366,27,0,0
BRDA:366,27,1,0
BRDA:374,28,0,0
BRDA:374,28,1,0
BRDA:376,29,0,0
BRDA:376,29,1,0
BRDA:382,30,0,0
BRDA:382,30,1,0
BRDA:389,31,0,0
BRDA:389,31,1,0
BRDA:390,32,0,0
BRDA:390,32,1,0
BRDA:394,33,0,0
BRDA:394,33,1,0
BRDA:402,34,0,0
BRDA:402,34,1,0
BRDA:404,35,0,0
BRDA:404,35,1,0
BRDA:416,36,0,0
BRDA:416,36,1,0
BRDA:423,37,0,0
BRDA:423,37,1,0
BRDA:428,38,0,0
BRDA:428,38,1,0
BRDA:428,39,0,0
BRDA:428,39,1,0
BRDA:444,40,0,0
BRDA:447,41,0,0
BRDA:447,41,1,0
BRDA:450,42,0,0
BRDA:450,42,1,0
BRF:80
BRH:2
end_of_record
TN:
SF:src/utils/serviceWorker.js
FN:15,register
FN:24,(anonymous_1)
FN:33,(anonymous_2)
FN:47,registerValidSW
FN:50,(anonymous_4)
FN:53,(anonymous_5)
FN:58,(anonymous_6)
FN:88,(anonymous_7)
FN:93,checkValidServiceWorker
FN:98,(anonymous_9)
FN:106,(anonymous_10)
FN:107,(anonymous_11)
FN:116,(anonymous_12)
FN:123,unregister
FN:126,(anonymous_14)
FN:129,(anonymous_15)
FN:137,(anonymous_16)
FN:150,(anonymous_17)
FN:152,(anonymous_18)
FN:154,(anonymous_19)
FN:157,(anonymous_20)
FN:159,(anonymous_21)
FN:164,(anonymous_22)
FN:170,(anonymous_23)
FN:174,(anonymous_24)
FN:177,(anonymous_25)
FN:179,(anonymous_26)
FN:181,(anonymous_27)
FN:186,(anonymous_28)
FN:196,(anonymous_29)
FN:198,(anonymous_30)
FN:200,(anonymous_31)
FN:212,(anonymous_32)
FN:214,(anonymous_33)
FN:216,(anonymous_34)
FN:228,(anonymous_35)
FN:243,(anonymous_36)
FN:247,(anonymous_37)
FN:251,(anonymous_38)
FN:257,(anonymous_39)
FN:271,(anonymous_40)
FN:276,(anonymous_41)
FN:277,(anonymous_42)
FN:278,(anonymous_43)
FN:279,(anonymous_44)
FN:285,(anonymous_45)
FN:292,(anonymous_46)
FN:298,(anonymous_47)
FNF:48
FNH:2
FNDA:0,register
FNDA:0,(anonymous_1)
FNDA:0,(anonymous_2)
FNDA:0,registerValidSW
FNDA:0,(anonymous_4)
FNDA:0,(anonymous_5)
FNDA:0,(anonymous_6)
FNDA:0,(anonymous_7)
FNDA:0,checkValidServiceWorker
FNDA:0,(anonymous_9)
FNDA:0,(anonymous_10)
FNDA:0,(anonymous_11)
FNDA:0,(anonymous_12)
FNDA:0,unregister
FNDA:0,(anonymous_14)
FNDA:0,(anonymous_15)
FNDA:5,(anonymous_16)
FNDA:5,(anonymous_17)
FNDA:0,(anonymous_18)
FNDA:0,(anonymous_19)
FNDA:0,(anonymous_20)
FNDA:0,(anonymous_21)
FNDA:0,(anonymous_22)
FNDA:0,(anonymous_23)
FNDA:0,(anonymous_24)
FNDA:0,(anonymous_25)
FNDA:0,(anonymous_26)
FNDA:0,(anonymous_27)
FNDA:0,(anonymous_28)
FNDA:0,(anonymous_29)
FNDA:0,(anonymous_30)
FNDA:0,(anonymous_31)
FNDA:0,(anonymous_32)
FNDA:0,(anonymous_33)
FNDA:0,(anonymous_34)
FNDA:0,(anonymous_35)
FNDA:0,(anonymous_36)
FNDA:0,(anonymous_37)
FNDA:0,(anonymous_38)
FNDA:0,(anonymous_39)
FNDA:0,(anonymous_40)
FNDA:0,(anonymous_41)
FNDA:0,(anonymous_42)
FNDA:0,(anonymous_43)
FNDA:0,(anonymous_44)
FNDA:0,(anonymous_45)
FNDA:0,(anonymous_46)
FNDA:0,(anonymous_47)
DA:7,5
DA:16,0
DA:18,0
DA:19,0
DA:21,0
DA:24,0
DA:25,0
DA:27,0
DA:29,0
DA:33,0
DA:34,0
DA:41,0
DA:48,0
DA:51,0
DA:53,0
DA:54,0
DA:55,0
DA:56,0
DA:58,0
DA:59,0
DA:60,0
DA:64,0
DA:70,0
DA:71,0
DA:77,0
DA:80,0
DA:81,0
DA:89,0
DA:95,0
DA:100,0
DA:101,0
DA:106,0
DA:107,0
DA:108,0
DA:113,0
DA:117,0
DA:124,0
DA:125,0
DA:127,0
DA:130,0
DA:138,5
DA:139,5
DA:140,5
DA:147,5
DA:152,5
DA:153,0
DA:154,0
DA:157,5
DA:158,0
DA:159,0
DA:163,5
DA:164,0
DA:165,0
DA:171,0
DA:173,0
DA:175,0
DA:176,0
DA:177,0
DA:180,0
DA:181,0
DA:187,0
DA:189,0
DA:192,0
DA:197,0
DA:198,0
DA:199,0
DA:200,0
DA:201,0
DA:204,0
DA:213,0
DA:214,0
DA:215,0
DA:216,0
DA:217,0
DA:220,0
DA:229,0
DA:231,0
DA:233,0
DA:234,0
DA:236,0
DA:237,0
DA:239,0
DA:244,0
DA:248,0
DA:252,0
DA:253,0
DA:258,0
DA:259,0
DA:260,0
DA:261,0
DA:268,5
DA:271,5
DA:272,0
DA:273,0
DA:274,0
DA:276,0
DA:277,0
DA:278,0
DA:279,0
DA:281,0
DA:282,0
DA:283,0
DA:285,0
DA:286,0
DA:287,0
DA:288,0
DA:292,0
DA:293,0
DA:294,0
DA:295,0
DA:298,0
DA:299,0
DA:302,0
LF:113
LH:10
BRDA:8,0,0,5
BRDA:8,0,1,0
BRDA:8,0,2,0
BRDA:16,1,0,0
BRDA:16,1,1,0
BRDA:19,2,0,0
BRDA:19,2,1,0
BRDA:27,3,0,0
BRDA:27,3,1,0
BRDA:55,4,0,0
BRDA:55,4,1,0
BRDA:59,5,0,0
BRDA:59,5,1,0
BRDA:60,6,0,0
BRDA:60,6,1,0
BRDA:70,7,0,0
BRDA:70,7,1,0
BRDA:70,8,0,0
BRDA:70,8,1,0
BRDA:80,9,0,0
BRDA:80,9,1,0
BRDA:80,10,0,0
BRDA:80,10,1,0
BRDA:101,11,0,0
BRDA:101,11,1,0
BRDA:102,12,0,0
BRDA:102,12,1,0
BRDA:102,12,2,0
BRDA:124,13,0,0
BRDA:124,13,1,0
BRDA:163,14,0,0
BRDA:163,14,1,5
BRDA:170,15,0,0
BRDA:187,16,0,0
BRDA:187,16,1,0
BRDA:187,17,0,0
BRDA:187,17,1,0
BRDA:197,18,0,0
BRDA:197,18,1,0
BRDA:197,19,0,0
BRDA:197,19,1,0
BRDA:213,20,0,0
BRDA:213,20,1,0
BRDA:213,21,0,0
BRDA:213,21,1,0
BRDA:231,22,0,0
BRDA:231,22,1,0
BRDA:231,22,2,0
BRDA:252,23,0,0
BRDA:252,23,1,0
BRDA:258,24,0,0
BRDA:258,24,1,0
BRDA:260,25,0,0
BRDA:260,25,1,0
BRF:54
BRH:2
end_of_record
TN:
SF:src/utils/touchInteractions.js
FN:15,(anonymous_0)
FN:35,(anonymous_1)
FN:42,(anonymous_2)
FN:50,(anonymous_3)
FN:58,(anonymous_4)
FN:66,(anonymous_5)
FN:103,(anonymous_6)
FN:113,(anonymous_7)
FN:121,(anonymous_8)
FN:129,(anonymous_9)
FN:143,(anonymous_10)
FN:161,(anonymous_11)
FN:167,(anonymous_12)
FN:174,(anonymous_13)
FN:187,(anonymous_14)
FN:202,(anonymous_15)
FN:207,(anonymous_16)
FN:220,(anonymous_17)
FN:224,(anonymous_18)
FN:233,(anonymous_19)
FN:239,(anonymous_20)
FN:245,(anonymous_21)
FN:251,(anonymous_22)
FN:257,(anonymous_23)
FN:263,(anonymous_24)
FN:271,(anonymous_25)
FN:272,(anonymous_26)
FN:286,(anonymous_27)
FN:295,(anonymous_28)
FN:301,(anonymous_29)
FN:311,(anonymous_30)
FN:332,(anonymous_31)
FN:333,(anonymous_32)
FN:338,(anonymous_33)
FN:344,(anonymous_34)
FN:348,(anonymous_35)
FN:351,(anonymous_36)
FN:356,(anonymous_37)
FN:361,(anonymous_38)
FN:366,(anonymous_39)
FN:371,(anonymous_40)
FNF:41
FNH:21
FNDA:7,(anonymous_0)
FNDA:7,(anonymous_1)
FNDA:5,(anonymous_2)
FNDA:1,(anonymous_3)
FNDA:1,(anonymous_4)
FNDA:3,(anonymous_5)
FNDA:1,(anonymous_6)
FNDA:0,(anonymous_7)
FNDA:6,(anonymous_8)
FNDA:7,(anonymous_9)
FNDA:3,(anonymous_10)
FNDA:3,(anonymous_11)
FNDA:2,(anonymous_12)
FNDA:0,(anonymous_13)
FNDA:2,(anonymous_14)
FNDA:0,(anonymous_15)
FNDA:0,(anonymous_16)
FNDA:2,(anonymous_17)
FNDA:3,(anonymous_18)
FNDA:2,(anonymous_19)
FNDA:1,(anonymous_20)
FNDA:1,(anonymous_21)
FNDA:1,(anonymous_22)
FNDA:1,(anonymous_23)
FNDA:1,(anonymous_24)
FNDA:0,(anonymous_25)
FNDA:0,(anonymous_26)
FNDA:0,(anonymous_27)
FNDA:0,(anonymous_28)
FNDA:0,(anonymous_29)
FNDA:0,(anonymous_30)
FNDA:0,(anonymous_31)
FNDA:0,(anonymous_32)
FNDA:0,(anonymous_33)
FNDA:0,(anonymous_34)
FNDA:0,(anonymous_35)
FNDA:0,(anonymous_36)
FNDA:0,(anonymous_37)
FNDA:0,(anonymous_38)
FNDA:0,(anonymous_39)
FNDA:0,(anonymous_40)
DA:7,1
DA:16,7
DA:17,7
DA:25,7
DA:26,7
DA:27,7
DA:28,7
DA:29,7
DA:30,7
DA:32,7
DA:36,7
DA:37,7
DA:38,7
DA:39,7
DA:43,5
DA:44,5
DA:45,5
DA:46,5
DA:47,5
DA:50,5
DA:51,1
DA:52,1
DA:55,5
DA:59,1
DA:60,1
DA:61,1
DA:63,1
DA:67,3
DA:68,3
DA:69,3
DA:72,3
DA:73,0
DA:76,3
DA:77,3
DA:78,3
DA:79,3
DA:81,3
DA:82,3
DA:83,3
DA:84,3
DA:87,3
DA:88,2
DA:89,2
DA:90,2
DA:91,2
DA:96,1
DA:97,1
DA:98,0
DA:99,0
DA:101,1
DA:103,1
DA:104,1
DA:105,1
DA:110,1
DA:114,0
DA:115,0
DA:116,0
DA:118,0
DA:122,6
DA:123,4
DA:125,2
DA:130,7
DA:131,7
DA:132,7
DA:133,7
DA:135,7
DA:136,1
DA:144,3
DA:145,3
DA:146,3
DA:153,3
DA:154,3
DA:155,3
DA:156,3
DA:158,3
DA:162,3
DA:163,3
DA:164,3
DA:168,2
DA:169,2
DA:170,2
DA:175,0
DA:177,0
DA:178,0
DA:180,0
DA:181,0
DA:182,0
DA:183,0
DA:188,2
DA:190,2
DA:191,2
DA:193,2
DA:194,0
DA:196,2
DA:199,2
DA:203,0
DA:204,0
DA:208,0
DA:209,0
DA:211,0
DA:212,0
DA:214,0
DA:215,0
DA:216,0
DA:221,2
DA:225,3
DA:226,3
DA:227,3
DA:232,1
DA:234,2
DA:235,1
DA:240,1
DA:241,1
DA:246,1
DA:247,1
DA:252,1
DA:253,1
DA:258,1
DA:259,1
DA:264,1
DA:265,1
DA:271,1
DA:272,0
DA:281,0
DA:283,0
DA:284,0
DA:286,0
DA:287,0
DA:288,0
DA:290,0
DA:291,0
DA:292,0
DA:293,0
DA:295,0
DA:296,0
DA:301,0
DA:302,0
DA:303,0
DA:305,0
DA:308,0
DA:312,0
DA:313,0
DA:314,0
DA:315,0
DA:332,1
DA:333,0
DA:334,0
DA:336,0
DA:338,0
DA:339,0
DA:340,0
DA:344,0
DA:348,1
DA:349,0
DA:351,0
DA:352,0
DA:354,0
DA:356,0
DA:359,0
DA:361,0
DA:366,1
DA:367,0
DA:368,0
DA:369,0
DA:371,0
DA:372,0
DA:373,0
DA:376,0
DA:380,0
DA:382,0
DA:383,0
DA:387,0
LF:172
LH:101
BRDA:15,0,0,7
BRDA:59,1,0,1
BRDA:59,1,1,0
BRDA:67,2,0,3
BRDA:67,2,1,0
BRDA:72,3,0,0
BRDA:72,3,1,3
BRDA:87,4,0,2
BRDA:87,4,1,1
BRDA:87,5,0,3
BRDA:87,5,1,1
BRDA:88,6,0,2
BRDA:88,6,1,0
BRDA:97,7,0,0
BRDA:97,7,1,1
BRDA:97,8,0,1
BRDA:97,8,1,0
BRDA:104,9,0,1
BRDA:104,9,1,0
BRDA:114,10,0,0
BRDA:114,10,1,0
BRDA:122,11,0,4
BRDA:122,11,1,2
BRDA:123,12,0,2
BRDA:123,12,1,2
BRDA:125,13,0,1
BRDA:125,13,1,1
BRDA:135,14,0,1
BRDA:135,14,1,6
BRDA:143,15,0,3
BRDA:168,16,0,2
BRDA:168,16,1,0
BRDA:168,17,0,2
BRDA:168,17,1,2
BRDA:175,18,0,0
BRDA:175,18,1,0
BRDA:175,19,0,0
BRDA:175,19,1,0
BRDA:180,20,0,0
BRDA:180,20,1,0
BRDA:188,21,0,0
BRDA:188,21,1,2
BRDA:188,22,0,2
BRDA:188,22,1,2
BRDA:193,23,0,0
BRDA:193,23,1,2
BRDA:234,24,0,1
BRDA:234,24,1,1
BRDA:240,25,0,1
BRDA:240,25,1,0
BRDA:246,26,0,1
BRDA:246,26,1,0
BRDA:252,27,0,1
BRDA:252,27,1,0
BRDA:258,28,0,1
BRDA:258,28,1,0
BRDA:264,29,0,1
BRDA:264,29,1,0
BRDA:278,30,0,0
BRDA:279,31,0,0
BRDA:287,32,0,0
BRDA:287,32,1,0
BRDA:287,33,0,0
BRDA:287,33,1,0
BRDA:287,33,2,0
BRDA:287,33,3,0
BRDA:287,33,4,0
BRDA:290,34,0,0
BRDA:290,34,1,0
BRDA:291,35,0,0
BRDA:291,35,1,0
BRDA:292,36,0,0
BRDA:292,36,1,0
BRDA:293,37,0,0
BRDA:293,37,1,0
BRDA:302,38,0,0
BRDA:302,38,1,0
BRDA:302,39,0,0
BRDA:302,39,1,0
BRDA:313,40,0,0
BRDA:313,40,1,0
BRDA:314,41,0,0
BRDA:314,41,1,0
BRDA:332,42,0,0
BRDA:334,43,0,0
BRDA:334,43,1,0
BRDA:339,44,0,0
BRDA:339,44,1,0
BRDA:348,45,0,0
BRDA:352,46,0,0
BRDA:352,46,1,0
BRDA:352,47,0,0
BRDA:352,47,1,0
BRDA:360,48,0,0
BRDA:360,48,1,0
BRDA:366,49,0,0
BRDA:376,50,0,0
BRDA:376,50,1,0
BRDA:382,51,0,0
BRDA:382,51,1,0
BRF:100
BRH:35
end_of_record
